2019-07-08 16:22:30.625  INFO 17543 --- [Test worker] c.e.standard1.Standard1ApplicationTests  : Starting Standard1ApplicationTests on sunqiqian-HP-Pavilion-Notebook with PID 17543 (started by sunqiqian in /home/sunqiqian/IdeaProjects/standard1)
2019-07-08 16:22:30.633  INFO 17543 --- [Test worker] c.e.standard1.Standard1ApplicationTests  : No active profile set, falling back to default profiles: default
2019-07-08 16:22:30.749 DEBUG 17543 --- [Test worker] o.s.w.c.s.GenericWebApplicationContext   : Refreshing org.springframework.web.context.support.GenericWebApplicationContext@773638c2
2019-07-08 16:22:34.816  WARN 17543 --- [Test worker] o.s.w.c.s.GenericWebApplicationContext   : Exception encountered during context initialization - cancelling refresh attempt: org.springframework.beans.factory.UnsatisfiedDependencyException: Error creating bean with name 'standardServiceImpl': Unsatisfied dependency expressed through field 'standardMapper'; nested exception is org.springframework.beans.factory.UnsatisfiedDependencyException: Error creating bean with name 'standardMapper' defined in file [/home/sunqiqian/IdeaProjects/standard1/build/classes/java/main/com/example/standard1/mapper/StandardMapper.class]: Unsatisfied dependency expressed through bean property 'sqlSessionFactory'; nested exception is org.springframework.beans.factory.BeanCreationException: Error creating bean with name 'sqlSessionFactory' defined in class path resource [org/mybatis/spring/boot/autoconfigure/MybatisAutoConfiguration.class]: Bean instantiation via factory method failed; nested exception is org.springframework.beans.BeanInstantiationException: Failed to instantiate [org.apache.ibatis.session.SqlSessionFactory]: Factory method 'sqlSessionFactory' threw exception; nested exception is org.springframework.core.NestedIOException: Failed to parse mapping resource: 'file [/home/sunqiqian/IdeaProjects/standard1/build/resources/main/mappers/StandardMapper.xml]'; nested exception is org.apache.ibatis.builder.BuilderException: Error parsing Mapper XML. The XML location is 'file [/home/sunqiqian/IdeaProjects/standard1/build/resources/main/mappers/StandardMapper.xml]'. Cause: org.apache.ibatis.builder.BuilderException: Error resolving class. Cause: org.apache.ibatis.type.TypeException: Could not resolve type alias 'com.example.standard.domain.Standard'.  Cause: java.lang.ClassNotFoundException: Cannot find class: com.example.standard.domain.Standard
2019-07-08 16:22:34.844  INFO 17543 --- [Test worker] ConditionEvaluationReportLoggingListener : 

Error starting ApplicationContext. To display the conditions report re-run your application with 'debug' enabled.
2019-07-08 16:22:34.879 ERROR 17543 --- [Test worker] o.s.boot.SpringApplication               : Application run failed

org.springframework.beans.factory.UnsatisfiedDependencyException: Error creating bean with name 'standardServiceImpl': Unsatisfied dependency expressed through field 'standardMapper'; nested exception is org.springframework.beans.factory.UnsatisfiedDependencyException: Error creating bean with name 'standardMapper' defined in file [/home/sunqiqian/IdeaProjects/standard1/build/classes/java/main/com/example/standard1/mapper/StandardMapper.class]: Unsatisfied dependency expressed through bean property 'sqlSessionFactory'; nested exception is org.springframework.beans.factory.BeanCreationException: Error creating bean with name 'sqlSessionFactory' defined in class path resource [org/mybatis/spring/boot/autoconfigure/MybatisAutoConfiguration.class]: Bean instantiation via factory method failed; nested exception is org.springframework.beans.BeanInstantiationException: Failed to instantiate [org.apache.ibatis.session.SqlSessionFactory]: Factory method 'sqlSessionFactory' threw exception; nested exception is org.springframework.core.NestedIOException: Failed to parse mapping resource: 'file [/home/sunqiqian/IdeaProjects/standard1/build/resources/main/mappers/StandardMapper.xml]'; nested exception is org.apache.ibatis.builder.BuilderException: Error parsing Mapper XML. The XML location is 'file [/home/sunqiqian/IdeaProjects/standard1/build/resources/main/mappers/StandardMapper.xml]'. Cause: org.apache.ibatis.builder.BuilderException: Error resolving class. Cause: org.apache.ibatis.type.TypeException: Could not resolve type alias 'com.example.standard.domain.Standard'.  Cause: java.lang.ClassNotFoundException: Cannot find class: com.example.standard.domain.Standard
	at org.springframework.beans.factory.annotation.AutowiredAnnotationBeanPostProcessor$AutowiredFieldElement.inject(AutowiredAnnotationBeanPostProcessor.java:596) ~[spring-beans-5.1.8.RELEASE.jar:5.1.8.RELEASE]
	at org.springframework.beans.factory.annotation.InjectionMetadata.inject(InjectionMetadata.java:90) ~[spring-beans-5.1.8.RELEASE.jar:5.1.8.RELEASE]
	at org.springframework.beans.factory.annotation.AutowiredAnnotationBeanPostProcessor.postProcessProperties(AutowiredAnnotationBeanPostProcessor.java:374) ~[spring-beans-5.1.8.RELEASE.jar:5.1.8.RELEASE]
	at org.springframework.beans.factory.support.AbstractAutowireCapableBeanFactory.populateBean(AbstractAutowireCapableBeanFactory.java:1411) ~[spring-beans-5.1.8.RELEASE.jar:5.1.8.RELEASE]
	at org.springframework.beans.factory.support.AbstractAutowireCapableBeanFactory.doCreateBean(AbstractAutowireCapableBeanFactory.java:592) ~[spring-beans-5.1.8.RELEASE.jar:5.1.8.RELEASE]
	at org.springframework.beans.factory.support.AbstractAutowireCapableBeanFactory.createBean(AbstractAutowireCapableBeanFactory.java:515) ~[spring-beans-5.1.8.RELEASE.jar:5.1.8.RELEASE]
	at org.springframework.beans.factory.support.AbstractBeanFactory.lambda$doGetBean$0(AbstractBeanFactory.java:320) ~[spring-beans-5.1.8.RELEASE.jar:5.1.8.RELEASE]
	at org.springframework.beans.factory.support.DefaultSingletonBeanRegistry.getSingleton(DefaultSingletonBeanRegistry.java:222) ~[spring-beans-5.1.8.RELEASE.jar:5.1.8.RELEASE]
	at org.springframework.beans.factory.support.AbstractBeanFactory.doGetBean(AbstractBeanFactory.java:318) ~[spring-beans-5.1.8.RELEASE.jar:5.1.8.RELEASE]
	at org.springframework.beans.factory.support.AbstractBeanFactory.getBean(AbstractBeanFactory.java:199) ~[spring-beans-5.1.8.RELEASE.jar:5.1.8.RELEASE]
	at org.springframework.beans.factory.support.DefaultListableBeanFactory.preInstantiateSingletons(DefaultListableBeanFactory.java:845) ~[spring-beans-5.1.8.RELEASE.jar:5.1.8.RELEASE]
	at org.springframework.context.support.AbstractApplicationContext.finishBeanFactoryInitialization(AbstractApplicationContext.java:877) ~[spring-context-5.1.8.RELEASE.jar:5.1.8.RELEASE]
	at org.springframework.context.support.AbstractApplicationContext.refresh(AbstractApplicationContext.java:549) ~[spring-context-5.1.8.RELEASE.jar:5.1.8.RELEASE]
	at org.springframework.boot.SpringApplication.refresh(SpringApplication.java:742) ~[spring-boot-2.1.6.RELEASE.jar:2.1.6.RELEASE]
	at org.springframework.boot.SpringApplication.refreshContext(SpringApplication.java:389) ~[spring-boot-2.1.6.RELEASE.jar:2.1.6.RELEASE]
	at org.springframework.boot.SpringApplication.run(SpringApplication.java:311) ~[spring-boot-2.1.6.RELEASE.jar:2.1.6.RELEASE]
	at org.springframework.boot.test.context.SpringBootContextLoader.loadContext(SpringBootContextLoader.java:119) [spring-boot-test-2.1.6.RELEASE.jar:2.1.6.RELEASE]
	at org.springframework.test.context.cache.DefaultCacheAwareContextLoaderDelegate.loadContextInternal(DefaultCacheAwareContextLoaderDelegate.java:99) [spring-test-5.1.8.RELEASE.jar:5.1.8.RELEASE]
	at org.springframework.test.context.cache.DefaultCacheAwareContextLoaderDelegate.loadContext(DefaultCacheAwareContextLoaderDelegate.java:117) [spring-test-5.1.8.RELEASE.jar:5.1.8.RELEASE]
	at org.springframework.test.context.support.DefaultTestContext.getApplicationContext(DefaultTestContext.java:108) [spring-test-5.1.8.RELEASE.jar:5.1.8.RELEASE]
	at org.springframework.test.context.web.ServletTestExecutionListener.setUpRequestContextIfNecessary(ServletTestExecutionListener.java:190) [spring-test-5.1.8.RELEASE.jar:5.1.8.RELEASE]
	at org.springframework.test.context.web.ServletTestExecutionListener.prepareTestInstance(ServletTestExecutionListener.java:132) [spring-test-5.1.8.RELEASE.jar:5.1.8.RELEASE]
	at org.springframework.test.context.TestContextManager.prepareTestInstance(TestContextManager.java:246) [spring-test-5.1.8.RELEASE.jar:5.1.8.RELEASE]
	at org.springframework.test.context.junit4.SpringJUnit4ClassRunner.createTest(SpringJUnit4ClassRunner.java:227) [spring-test-5.1.8.RELEASE.jar:5.1.8.RELEASE]
	at org.springframework.test.context.junit4.SpringJUnit4ClassRunner$1.runReflectiveCall(SpringJUnit4ClassRunner.java:289) [spring-test-5.1.8.RELEASE.jar:5.1.8.RELEASE]
	at org.junit.internal.runners.model.ReflectiveCallable.run(ReflectiveCallable.java:12) [junit-4.12.jar:4.12]
	at org.springframework.test.context.junit4.SpringJUnit4ClassRunner.methodBlock(SpringJUnit4ClassRunner.java:291) [spring-test-5.1.8.RELEASE.jar:5.1.8.RELEASE]
	at org.springframework.test.context.junit4.SpringJUnit4ClassRunner.runChild(SpringJUnit4ClassRunner.java:246) [spring-test-5.1.8.RELEASE.jar:5.1.8.RELEASE]
	at org.springframework.test.context.junit4.SpringJUnit4ClassRunner.runChild(SpringJUnit4ClassRunner.java:97) [spring-test-5.1.8.RELEASE.jar:5.1.8.RELEASE]
	at org.junit.runners.ParentRunner$3.run(ParentRunner.java:290) [junit-4.12.jar:4.12]
	at org.junit.runners.ParentRunner$1.schedule(ParentRunner.java:71) [junit-4.12.jar:4.12]
	at org.junit.runners.ParentRunner.runChildren(ParentRunner.java:288) [junit-4.12.jar:4.12]
	at org.junit.runners.ParentRunner.access$000(ParentRunner.java:58) [junit-4.12.jar:4.12]
	at org.junit.runners.ParentRunner$2.evaluate(ParentRunner.java:268) [junit-4.12.jar:4.12]
	at org.springframework.test.context.junit4.statements.RunBeforeTestClassCallbacks.evaluate(RunBeforeTestClassCallbacks.java:61) [spring-test-5.1.8.RELEASE.jar:5.1.8.RELEASE]
	at org.springframework.test.context.junit4.statements.RunAfterTestClassCallbacks.evaluate(RunAfterTestClassCallbacks.java:70) [spring-test-5.1.8.RELEASE.jar:5.1.8.RELEASE]
	at org.junit.runners.ParentRunner.run(ParentRunner.java:363) [junit-4.12.jar:4.12]
	at org.springframework.test.context.junit4.SpringJUnit4ClassRunner.run(SpringJUnit4ClassRunner.java:190) [spring-test-5.1.8.RELEASE.jar:5.1.8.RELEASE]
	at org.gradle.api.internal.tasks.testing.junit.JUnitTestClassExecutor.runTestClass(JUnitTestClassExecutor.java:110) [gradle-testing-jvm-5.4.1.jar:5.4.1]
	at org.gradle.api.internal.tasks.testing.junit.JUnitTestClassExecutor.execute(JUnitTestClassExecutor.java:58) [gradle-testing-jvm-5.4.1.jar:5.4.1]
	at org.gradle.api.internal.tasks.testing.junit.JUnitTestClassExecutor.execute(JUnitTestClassExecutor.java:38) [gradle-testing-jvm-5.4.1.jar:5.4.1]
	at org.gradle.api.internal.tasks.testing.junit.AbstractJUnitTestClassProcessor.processTestClass(AbstractJUnitTestClassProcessor.java:62) [gradle-testing-jvm-5.4.1.jar:5.4.1]
	at org.gradle.api.internal.tasks.testing.SuiteTestClassProcessor.processTestClass(SuiteTestClassProcessor.java:51) [gradle-testing-base-5.4.1.jar:5.4.1]
	at sun.reflect.NativeMethodAccessorImpl.invoke0(Native Method) ~[na:1.8.0_211]
	at sun.reflect.NativeMethodAccessorImpl.invoke(NativeMethodAccessorImpl.java:62) ~[na:1.8.0_211]
	at sun.reflect.DelegatingMethodAccessorImpl.invoke(DelegatingMethodAccessorImpl.java:43) ~[na:1.8.0_211]
	at java.lang.reflect.Method.invoke(Method.java:498) ~[na:1.8.0_211]
	at org.gradle.internal.dispatch.ReflectionDispatch.dispatch(ReflectionDispatch.java:35) [gradle-messaging-5.4.1.jar:5.4.1]
	at org.gradle.internal.dispatch.ReflectionDispatch.dispatch(ReflectionDispatch.java:24) [gradle-messaging-5.4.1.jar:5.4.1]
	at org.gradle.internal.dispatch.ContextClassLoaderDispatch.dispatch(ContextClassLoaderDispatch.java:32) [gradle-messaging-5.4.1.jar:5.4.1]
	at org.gradle.internal.dispatch.ProxyDispatchAdapter$DispatchingInvocationHandler.invoke(ProxyDispatchAdapter.java:93) [gradle-messaging-5.4.1.jar:5.4.1]
	at com.sun.proxy.$Proxy2.processTestClass(Unknown Source) [na:na]
	at org.gradle.api.internal.tasks.testing.worker.TestWorker.processTestClass(TestWorker.java:118) [gradle-testing-base-5.4.1.jar:5.4.1]
	at sun.reflect.NativeMethodAccessorImpl.invoke0(Native Method) ~[na:1.8.0_211]
	at sun.reflect.NativeMethodAccessorImpl.invoke(NativeMethodAccessorImpl.java:62) ~[na:1.8.0_211]
	at sun.reflect.DelegatingMethodAccessorImpl.invoke(DelegatingMethodAccessorImpl.java:43) ~[na:1.8.0_211]
	at java.lang.reflect.Method.invoke(Method.java:498) ~[na:1.8.0_211]
	at org.gradle.internal.dispatch.ReflectionDispatch.dispatch(ReflectionDispatch.java:35) [gradle-messaging-5.4.1.jar:5.4.1]
	at org.gradle.internal.dispatch.ReflectionDispatch.dispatch(ReflectionDispatch.java:24) [gradle-messaging-5.4.1.jar:5.4.1]
	at org.gradle.internal.remote.internal.hub.MessageHubBackedObjectConnection$DispatchWrapper.dispatch(MessageHubBackedObjectConnection.java:175) [gradle-messaging-5.4.1.jar:5.4.1]
	at org.gradle.internal.remote.internal.hub.MessageHubBackedObjectConnection$DispatchWrapper.dispatch(MessageHubBackedObjectConnection.java:157) [gradle-messaging-5.4.1.jar:5.4.1]
	at org.gradle.internal.remote.internal.hub.MessageHub$Handler.run(MessageHub.java:404) [gradle-messaging-5.4.1.jar:5.4.1]
	at org.gradle.internal.concurrent.ExecutorPolicy$CatchAndRecordFailures.onExecute(ExecutorPolicy.java:63) [gradle-base-services-5.4.1.jar:5.4.1]
	at org.gradle.internal.concurrent.ManagedExecutorImpl$1.run(ManagedExecutorImpl.java:46) [gradle-base-services-5.4.1.jar:5.4.1]
	at java.util.concurrent.ThreadPoolExecutor.runWorker(ThreadPoolExecutor.java:1149) [na:1.8.0_211]
	at java.util.concurrent.ThreadPoolExecutor$Worker.run(ThreadPoolExecutor.java:624) [na:1.8.0_211]
	at org.gradle.internal.concurrent.ThreadFactoryImpl$ManagedThreadRunnable.run(ThreadFactoryImpl.java:55) [gradle-base-services-5.4.1.jar:5.4.1]
	at java.lang.Thread.run(Thread.java:748) [na:1.8.0_211]
Caused by: org.springframework.beans.factory.UnsatisfiedDependencyException: Error creating bean with name 'standardMapper' defined in file [/home/sunqiqian/IdeaProjects/standard1/build/classes/java/main/com/example/standard1/mapper/StandardMapper.class]: Unsatisfied dependency expressed through bean property 'sqlSessionFactory'; nested exception is org.springframework.beans.factory.BeanCreationException: Error creating bean with name 'sqlSessionFactory' defined in class path resource [org/mybatis/spring/boot/autoconfigure/MybatisAutoConfiguration.class]: Bean instantiation via factory method failed; nested exception is org.springframework.beans.BeanInstantiationException: Failed to instantiate [org.apache.ibatis.session.SqlSessionFactory]: Factory method 'sqlSessionFactory' threw exception; nested exception is org.springframework.core.NestedIOException: Failed to parse mapping resource: 'file [/home/sunqiqian/IdeaProjects/standard1/build/resources/main/mappers/StandardMapper.xml]'; nested exception is org.apache.ibatis.builder.BuilderException: Error parsing Mapper XML. The XML location is 'file [/home/sunqiqian/IdeaProjects/standard1/build/resources/main/mappers/StandardMapper.xml]'. Cause: org.apache.ibatis.builder.BuilderException: Error resolving class. Cause: org.apache.ibatis.type.TypeException: Could not resolve type alias 'com.example.standard.domain.Standard'.  Cause: java.lang.ClassNotFoundException: Cannot find class: com.example.standard.domain.Standard
	at org.springframework.beans.factory.support.AbstractAutowireCapableBeanFactory.autowireByType(AbstractAutowireCapableBeanFactory.java:1515) ~[spring-beans-5.1.8.RELEASE.jar:5.1.8.RELEASE]
	at org.springframework.beans.factory.support.AbstractAutowireCapableBeanFactory.populateBean(AbstractAutowireCapableBeanFactory.java:1395) ~[spring-beans-5.1.8.RELEASE.jar:5.1.8.RELEASE]
	at org.springframework.beans.factory.support.AbstractAutowireCapableBeanFactory.doCreateBean(AbstractAutowireCapableBeanFactory.java:592) ~[spring-beans-5.1.8.RELEASE.jar:5.1.8.RELEASE]
	at org.springframework.beans.factory.support.AbstractAutowireCapableBeanFactory.createBean(AbstractAutowireCapableBeanFactory.java:515) ~[spring-beans-5.1.8.RELEASE.jar:5.1.8.RELEASE]
	at org.springframework.beans.factory.support.AbstractBeanFactory.lambda$doGetBean$0(AbstractBeanFactory.java:320) ~[spring-beans-5.1.8.RELEASE.jar:5.1.8.RELEASE]
	at org.springframework.beans.factory.support.DefaultSingletonBeanRegistry.getSingleton(DefaultSingletonBeanRegistry.java:222) ~[spring-beans-5.1.8.RELEASE.jar:5.1.8.RELEASE]
	at org.springframework.beans.factory.support.AbstractBeanFactory.doGetBean(AbstractBeanFactory.java:318) ~[spring-beans-5.1.8.RELEASE.jar:5.1.8.RELEASE]
	at org.springframework.beans.factory.support.AbstractBeanFactory.getBean(AbstractBeanFactory.java:199) ~[spring-beans-5.1.8.RELEASE.jar:5.1.8.RELEASE]
	at org.springframework.beans.factory.config.DependencyDescriptor.resolveCandidate(DependencyDescriptor.java:277) ~[spring-beans-5.1.8.RELEASE.jar:5.1.8.RELEASE]
	at org.springframework.beans.factory.support.DefaultListableBeanFactory.doResolveDependency(DefaultListableBeanFactory.java:1251) ~[spring-beans-5.1.8.RELEASE.jar:5.1.8.RELEASE]
	at org.springframework.beans.factory.support.DefaultListableBeanFactory.resolveDependency(DefaultListableBeanFactory.java:1171) ~[spring-beans-5.1.8.RELEASE.jar:5.1.8.RELEASE]
	at org.springframework.beans.factory.annotation.AutowiredAnnotationBeanPostProcessor$AutowiredFieldElement.inject(AutowiredAnnotationBeanPostProcessor.java:593) ~[spring-beans-5.1.8.RELEASE.jar:5.1.8.RELEASE]
	... 67 common frames omitted
Caused by: org.springframework.beans.factory.BeanCreationException: Error creating bean with name 'sqlSessionFactory' defined in class path resource [org/mybatis/spring/boot/autoconfigure/MybatisAutoConfiguration.class]: Bean instantiation via factory method failed; nested exception is org.springframework.beans.BeanInstantiationException: Failed to instantiate [org.apache.ibatis.session.SqlSessionFactory]: Factory method 'sqlSessionFactory' threw exception; nested exception is org.springframework.core.NestedIOException: Failed to parse mapping resource: 'file [/home/sunqiqian/IdeaProjects/standard1/build/resources/main/mappers/StandardMapper.xml]'; nested exception is org.apache.ibatis.builder.BuilderException: Error parsing Mapper XML. The XML location is 'file [/home/sunqiqian/IdeaProjects/standard1/build/resources/main/mappers/StandardMapper.xml]'. Cause: org.apache.ibatis.builder.BuilderException: Error resolving class. Cause: org.apache.ibatis.type.TypeException: Could not resolve type alias 'com.example.standard.domain.Standard'.  Cause: java.lang.ClassNotFoundException: Cannot find class: com.example.standard.domain.Standard
	at org.springframework.beans.factory.support.ConstructorResolver.instantiate(ConstructorResolver.java:627) ~[spring-beans-5.1.8.RELEASE.jar:5.1.8.RELEASE]
	at org.springframework.beans.factory.support.ConstructorResolver.instantiateUsingFactoryMethod(ConstructorResolver.java:607) ~[spring-beans-5.1.8.RELEASE.jar:5.1.8.RELEASE]
	at org.springframework.beans.factory.support.AbstractAutowireCapableBeanFactory.instantiateUsingFactoryMethod(AbstractAutowireCapableBeanFactory.java:1321) ~[spring-beans-5.1.8.RELEASE.jar:5.1.8.RELEASE]
	at org.springframework.beans.factory.support.AbstractAutowireCapableBeanFactory.createBeanInstance(AbstractAutowireCapableBeanFactory.java:1160) ~[spring-beans-5.1.8.RELEASE.jar:5.1.8.RELEASE]
	at org.springframework.beans.factory.support.AbstractAutowireCapableBeanFactory.doCreateBean(AbstractAutowireCapableBeanFactory.java:555) ~[spring-beans-5.1.8.RELEASE.jar:5.1.8.RELEASE]
	at org.springframework.beans.factory.support.AbstractAutowireCapableBeanFactory.createBean(AbstractAutowireCapableBeanFactory.java:515) ~[spring-beans-5.1.8.RELEASE.jar:5.1.8.RELEASE]
	at org.springframework.beans.factory.support.AbstractBeanFactory.lambda$doGetBean$0(AbstractBeanFactory.java:320) ~[spring-beans-5.1.8.RELEASE.jar:5.1.8.RELEASE]
	at org.springframework.beans.factory.support.DefaultSingletonBeanRegistry.getSingleton(DefaultSingletonBeanRegistry.java:222) ~[spring-beans-5.1.8.RELEASE.jar:5.1.8.RELEASE]
	at org.springframework.beans.factory.support.AbstractBeanFactory.doGetBean(AbstractBeanFactory.java:318) ~[spring-beans-5.1.8.RELEASE.jar:5.1.8.RELEASE]
	at org.springframework.beans.factory.support.AbstractBeanFactory.getBean(AbstractBeanFactory.java:199) ~[spring-beans-5.1.8.RELEASE.jar:5.1.8.RELEASE]
	at org.springframework.beans.factory.config.DependencyDescriptor.resolveCandidate(DependencyDescriptor.java:277) ~[spring-beans-5.1.8.RELEASE.jar:5.1.8.RELEASE]
	at org.springframework.beans.factory.support.DefaultListableBeanFactory.doResolveDependency(DefaultListableBeanFactory.java:1251) ~[spring-beans-5.1.8.RELEASE.jar:5.1.8.RELEASE]
	at org.springframework.beans.factory.support.DefaultListableBeanFactory.resolveDependency(DefaultListableBeanFactory.java:1171) ~[spring-beans-5.1.8.RELEASE.jar:5.1.8.RELEASE]
	at org.springframework.beans.factory.support.AbstractAutowireCapableBeanFactory.autowireByType(AbstractAutowireCapableBeanFactory.java:1500) ~[spring-beans-5.1.8.RELEASE.jar:5.1.8.RELEASE]
	... 78 common frames omitted
Caused by: org.springframework.beans.BeanInstantiationException: Failed to instantiate [org.apache.ibatis.session.SqlSessionFactory]: Factory method 'sqlSessionFactory' threw exception; nested exception is org.springframework.core.NestedIOException: Failed to parse mapping resource: 'file [/home/sunqiqian/IdeaProjects/standard1/build/resources/main/mappers/StandardMapper.xml]'; nested exception is org.apache.ibatis.builder.BuilderException: Error parsing Mapper XML. The XML location is 'file [/home/sunqiqian/IdeaProjects/standard1/build/resources/main/mappers/StandardMapper.xml]'. Cause: org.apache.ibatis.builder.BuilderException: Error resolving class. Cause: org.apache.ibatis.type.TypeException: Could not resolve type alias 'com.example.standard.domain.Standard'.  Cause: java.lang.ClassNotFoundException: Cannot find class: com.example.standard.domain.Standard
	at org.springframework.beans.factory.support.SimpleInstantiationStrategy.instantiate(SimpleInstantiationStrategy.java:185) ~[spring-beans-5.1.8.RELEASE.jar:5.1.8.RELEASE]
	at org.springframework.beans.factory.support.ConstructorResolver.instantiate(ConstructorResolver.java:622) ~[spring-beans-5.1.8.RELEASE.jar:5.1.8.RELEASE]
	... 91 common frames omitted
Caused by: org.springframework.core.NestedIOException: Failed to parse mapping resource: 'file [/home/sunqiqian/IdeaProjects/standard1/build/resources/main/mappers/StandardMapper.xml]'; nested exception is org.apache.ibatis.builder.BuilderException: Error parsing Mapper XML. The XML location is 'file [/home/sunqiqian/IdeaProjects/standard1/build/resources/main/mappers/StandardMapper.xml]'. Cause: org.apache.ibatis.builder.BuilderException: Error resolving class. Cause: org.apache.ibatis.type.TypeException: Could not resolve type alias 'com.example.standard.domain.Standard'.  Cause: java.lang.ClassNotFoundException: Cannot find class: com.example.standard.domain.Standard
	at org.mybatis.spring.SqlSessionFactoryBean.buildSqlSessionFactory(SqlSessionFactoryBean.java:534) ~[mybatis-spring-2.0.1.jar:2.0.1]
	at org.mybatis.spring.SqlSessionFactoryBean.afterPropertiesSet(SqlSessionFactoryBean.java:424) ~[mybatis-spring-2.0.1.jar:2.0.1]
	at org.mybatis.spring.SqlSessionFactoryBean.getObject(SqlSessionFactoryBean.java:554) ~[mybatis-spring-2.0.1.jar:2.0.1]
	at org.mybatis.spring.boot.autoconfigure.MybatisAutoConfiguration.sqlSessionFactory(MybatisAutoConfiguration.java:150) ~[mybatis-spring-boot-autoconfigure-2.0.1.jar:2.0.1]
	at org.mybatis.spring.boot.autoconfigure.MybatisAutoConfiguration$$EnhancerBySpringCGLIB$$bf5efa31.CGLIB$sqlSessionFactory$0(<generated>) ~[mybatis-spring-boot-autoconfigure-2.0.1.jar:2.0.1]
	at org.mybatis.spring.boot.autoconfigure.MybatisAutoConfiguration$$EnhancerBySpringCGLIB$$bf5efa31$$FastClassBySpringCGLIB$$709ee9b.invoke(<generated>) ~[mybatis-spring-boot-autoconfigure-2.0.1.jar:2.0.1]
	at org.springframework.cglib.proxy.MethodProxy.invokeSuper(MethodProxy.java:244) ~[spring-core-5.1.8.RELEASE.jar:5.1.8.RELEASE]
	at org.springframework.context.annotation.ConfigurationClassEnhancer$BeanMethodInterceptor.intercept(ConfigurationClassEnhancer.java:363) ~[spring-context-5.1.8.RELEASE.jar:5.1.8.RELEASE]
	at org.mybatis.spring.boot.autoconfigure.MybatisAutoConfiguration$$EnhancerBySpringCGLIB$$bf5efa31.sqlSessionFactory(<generated>) ~[mybatis-spring-boot-autoconfigure-2.0.1.jar:2.0.1]
	at sun.reflect.NativeMethodAccessorImpl.invoke0(Native Method) ~[na:1.8.0_211]
	at sun.reflect.NativeMethodAccessorImpl.invoke(NativeMethodAccessorImpl.java:62) ~[na:1.8.0_211]
	at sun.reflect.DelegatingMethodAccessorImpl.invoke(DelegatingMethodAccessorImpl.java:43) ~[na:1.8.0_211]
	at java.lang.reflect.Method.invoke(Method.java:498) ~[na:1.8.0_211]
	at org.springframework.beans.factory.support.SimpleInstantiationStrategy.instantiate(SimpleInstantiationStrategy.java:154) ~[spring-beans-5.1.8.RELEASE.jar:5.1.8.RELEASE]
	... 92 common frames omitted
Caused by: org.apache.ibatis.builder.BuilderException: Error parsing Mapper XML. The XML location is 'file [/home/sunqiqian/IdeaProjects/standard1/build/resources/main/mappers/StandardMapper.xml]'. Cause: org.apache.ibatis.builder.BuilderException: Error resolving class. Cause: org.apache.ibatis.type.TypeException: Could not resolve type alias 'com.example.standard.domain.Standard'.  Cause: java.lang.ClassNotFoundException: Cannot find class: com.example.standard.domain.Standard
	at org.apache.ibatis.builder.xml.XMLMapperBuilder.configurationElement(XMLMapperBuilder.java:122) ~[mybatis-3.5.1.jar:3.5.1]
	at org.apache.ibatis.builder.xml.XMLMapperBuilder.parse(XMLMapperBuilder.java:94) ~[mybatis-3.5.1.jar:3.5.1]
	at org.mybatis.spring.SqlSessionFactoryBean.buildSqlSessionFactory(SqlSessionFactoryBean.java:532) ~[mybatis-spring-2.0.1.jar:2.0.1]
	... 105 common frames omitted
Caused by: org.apache.ibatis.builder.BuilderException: Error resolving class. Cause: org.apache.ibatis.type.TypeException: Could not resolve type alias 'com.example.standard.domain.Standard'.  Cause: java.lang.ClassNotFoundException: Cannot find class: com.example.standard.domain.Standard
	at org.apache.ibatis.builder.BaseBuilder.resolveClass(BaseBuilder.java:118) ~[mybatis-3.5.1.jar:3.5.1]
	at org.apache.ibatis.builder.xml.XMLMapperBuilder.resultMapElement(XMLMapperBuilder.java:262) ~[mybatis-3.5.1.jar:3.5.1]
	at org.apache.ibatis.builder.xml.XMLMapperBuilder.resultMapElement(XMLMapperBuilder.java:253) ~[mybatis-3.5.1.jar:3.5.1]
	at org.apache.ibatis.builder.xml.XMLMapperBuilder.resultMapElements(XMLMapperBuilder.java:245) ~[mybatis-3.5.1.jar:3.5.1]
	at org.apache.ibatis.builder.xml.XMLMapperBuilder.configurationElement(XMLMapperBuilder.java:118) ~[mybatis-3.5.1.jar:3.5.1]
	... 107 common frames omitted
Caused by: org.apache.ibatis.type.TypeException: Could not resolve type alias 'com.example.standard.domain.Standard'.  Cause: java.lang.ClassNotFoundException: Cannot find class: com.example.standard.domain.Standard
	at org.apache.ibatis.type.TypeAliasRegistry.resolveAlias(TypeAliasRegistry.java:120) ~[mybatis-3.5.1.jar:3.5.1]
	at org.apache.ibatis.builder.BaseBuilder.resolveAlias(BaseBuilder.java:149) ~[mybatis-3.5.1.jar:3.5.1]
	at org.apache.ibatis.builder.BaseBuilder.resolveClass(BaseBuilder.java:116) ~[mybatis-3.5.1.jar:3.5.1]
	... 111 common frames omitted
Caused by: java.lang.ClassNotFoundException: Cannot find class: com.example.standard.domain.Standard
	at org.apache.ibatis.io.ClassLoaderWrapper.classForName(ClassLoaderWrapper.java:200) ~[mybatis-3.5.1.jar:3.5.1]
	at org.apache.ibatis.io.ClassLoaderWrapper.classForName(ClassLoaderWrapper.java:89) ~[mybatis-3.5.1.jar:3.5.1]
	at org.apache.ibatis.io.Resources.classForName(Resources.java:261) ~[mybatis-3.5.1.jar:3.5.1]
	at org.apache.ibatis.type.TypeAliasRegistry.resolveAlias(TypeAliasRegistry.java:116) ~[mybatis-3.5.1.jar:3.5.1]
	... 113 common frames omitted

2019-07-08 16:22:34.956 ERROR 17543 --- [Test worker] o.s.test.context.TestContextManager      : Caught exception while allowing TestExecutionListener [org.springframework.test.context.web.ServletTestExecutionListener@763d30ee] to prepare test instance [com.example.standard1.Standard1ApplicationTests@3b10d095]

java.lang.IllegalStateException: Failed to load ApplicationContext
	at org.springframework.test.context.cache.DefaultCacheAwareContextLoaderDelegate.loadContext(DefaultCacheAwareContextLoaderDelegate.java:125) ~[spring-test-5.1.8.RELEASE.jar:5.1.8.RELEASE]
	at org.springframework.test.context.support.DefaultTestContext.getApplicationContext(DefaultTestContext.java:108) ~[spring-test-5.1.8.RELEASE.jar:5.1.8.RELEASE]
	at org.springframework.test.context.web.ServletTestExecutionListener.setUpRequestContextIfNecessary(ServletTestExecutionListener.java:190) ~[spring-test-5.1.8.RELEASE.jar:5.1.8.RELEASE]
	at org.springframework.test.context.web.ServletTestExecutionListener.prepareTestInstance(ServletTestExecutionListener.java:132) ~[spring-test-5.1.8.RELEASE.jar:5.1.8.RELEASE]
	at org.springframework.test.context.TestContextManager.prepareTestInstance(TestContextManager.java:246) ~[spring-test-5.1.8.RELEASE.jar:5.1.8.RELEASE]
	at org.springframework.test.context.junit4.SpringJUnit4ClassRunner.createTest(SpringJUnit4ClassRunner.java:227) [spring-test-5.1.8.RELEASE.jar:5.1.8.RELEASE]
	at org.springframework.test.context.junit4.SpringJUnit4ClassRunner$1.runReflectiveCall(SpringJUnit4ClassRunner.java:289) [spring-test-5.1.8.RELEASE.jar:5.1.8.RELEASE]
	at org.junit.internal.runners.model.ReflectiveCallable.run(ReflectiveCallable.java:12) [junit-4.12.jar:4.12]
	at org.springframework.test.context.junit4.SpringJUnit4ClassRunner.methodBlock(SpringJUnit4ClassRunner.java:291) [spring-test-5.1.8.RELEASE.jar:5.1.8.RELEASE]
	at org.springframework.test.context.junit4.SpringJUnit4ClassRunner.runChild(SpringJUnit4ClassRunner.java:246) [spring-test-5.1.8.RELEASE.jar:5.1.8.RELEASE]
	at org.springframework.test.context.junit4.SpringJUnit4ClassRunner.runChild(SpringJUnit4ClassRunner.java:97) [spring-test-5.1.8.RELEASE.jar:5.1.8.RELEASE]
	at org.junit.runners.ParentRunner$3.run(ParentRunner.java:290) [junit-4.12.jar:4.12]
	at org.junit.runners.ParentRunner$1.schedule(ParentRunner.java:71) [junit-4.12.jar:4.12]
	at org.junit.runners.ParentRunner.runChildren(ParentRunner.java:288) [junit-4.12.jar:4.12]
	at org.junit.runners.ParentRunner.access$000(ParentRunner.java:58) [junit-4.12.jar:4.12]
	at org.junit.runners.ParentRunner$2.evaluate(ParentRunner.java:268) [junit-4.12.jar:4.12]
	at org.springframework.test.context.junit4.statements.RunBeforeTestClassCallbacks.evaluate(RunBeforeTestClassCallbacks.java:61) [spring-test-5.1.8.RELEASE.jar:5.1.8.RELEASE]
	at org.springframework.test.context.junit4.statements.RunAfterTestClassCallbacks.evaluate(RunAfterTestClassCallbacks.java:70) [spring-test-5.1.8.RELEASE.jar:5.1.8.RELEASE]
	at org.junit.runners.ParentRunner.run(ParentRunner.java:363) [junit-4.12.jar:4.12]
	at org.springframework.test.context.junit4.SpringJUnit4ClassRunner.run(SpringJUnit4ClassRunner.java:190) [spring-test-5.1.8.RELEASE.jar:5.1.8.RELEASE]
	at org.gradle.api.internal.tasks.testing.junit.JUnitTestClassExecutor.runTestClass(JUnitTestClassExecutor.java:110) [gradle-testing-jvm-5.4.1.jar:5.4.1]
	at org.gradle.api.internal.tasks.testing.junit.JUnitTestClassExecutor.execute(JUnitTestClassExecutor.java:58) [gradle-testing-jvm-5.4.1.jar:5.4.1]
	at org.gradle.api.internal.tasks.testing.junit.JUnitTestClassExecutor.execute(JUnitTestClassExecutor.java:38) [gradle-testing-jvm-5.4.1.jar:5.4.1]
	at org.gradle.api.internal.tasks.testing.junit.AbstractJUnitTestClassProcessor.processTestClass(AbstractJUnitTestClassProcessor.java:62) [gradle-testing-jvm-5.4.1.jar:5.4.1]
	at org.gradle.api.internal.tasks.testing.SuiteTestClassProcessor.processTestClass(SuiteTestClassProcessor.java:51) [gradle-testing-base-5.4.1.jar:5.4.1]
	at sun.reflect.NativeMethodAccessorImpl.invoke0(Native Method) ~[na:1.8.0_211]
	at sun.reflect.NativeMethodAccessorImpl.invoke(NativeMethodAccessorImpl.java:62) ~[na:1.8.0_211]
	at sun.reflect.DelegatingMethodAccessorImpl.invoke(DelegatingMethodAccessorImpl.java:43) ~[na:1.8.0_211]
	at java.lang.reflect.Method.invoke(Method.java:498) ~[na:1.8.0_211]
	at org.gradle.internal.dispatch.ReflectionDispatch.dispatch(ReflectionDispatch.java:35) [gradle-messaging-5.4.1.jar:5.4.1]
	at org.gradle.internal.dispatch.ReflectionDispatch.dispatch(ReflectionDispatch.java:24) [gradle-messaging-5.4.1.jar:5.4.1]
	at org.gradle.internal.dispatch.ContextClassLoaderDispatch.dispatch(ContextClassLoaderDispatch.java:32) [gradle-messaging-5.4.1.jar:5.4.1]
	at org.gradle.internal.dispatch.ProxyDispatchAdapter$DispatchingInvocationHandler.invoke(ProxyDispatchAdapter.java:93) [gradle-messaging-5.4.1.jar:5.4.1]
	at com.sun.proxy.$Proxy2.processTestClass(Unknown Source) [na:na]
	at org.gradle.api.internal.tasks.testing.worker.TestWorker.processTestClass(TestWorker.java:118) [gradle-testing-base-5.4.1.jar:5.4.1]
	at sun.reflect.NativeMethodAccessorImpl.invoke0(Native Method) ~[na:1.8.0_211]
	at sun.reflect.NativeMethodAccessorImpl.invoke(NativeMethodAccessorImpl.java:62) ~[na:1.8.0_211]
	at sun.reflect.DelegatingMethodAccessorImpl.invoke(DelegatingMethodAccessorImpl.java:43) ~[na:1.8.0_211]
	at java.lang.reflect.Method.invoke(Method.java:498) ~[na:1.8.0_211]
	at org.gradle.internal.dispatch.ReflectionDispatch.dispatch(ReflectionDispatch.java:35) [gradle-messaging-5.4.1.jar:5.4.1]
	at org.gradle.internal.dispatch.ReflectionDispatch.dispatch(ReflectionDispatch.java:24) [gradle-messaging-5.4.1.jar:5.4.1]
	at org.gradle.internal.remote.internal.hub.MessageHubBackedObjectConnection$DispatchWrapper.dispatch(MessageHubBackedObjectConnection.java:175) [gradle-messaging-5.4.1.jar:5.4.1]
	at org.gradle.internal.remote.internal.hub.MessageHubBackedObjectConnection$DispatchWrapper.dispatch(MessageHubBackedObjectConnection.java:157) [gradle-messaging-5.4.1.jar:5.4.1]
	at org.gradle.internal.remote.internal.hub.MessageHub$Handler.run(MessageHub.java:404) [gradle-messaging-5.4.1.jar:5.4.1]
	at org.gradle.internal.concurrent.ExecutorPolicy$CatchAndRecordFailures.onExecute(ExecutorPolicy.java:63) [gradle-base-services-5.4.1.jar:5.4.1]
	at org.gradle.internal.concurrent.ManagedExecutorImpl$1.run(ManagedExecutorImpl.java:46) [gradle-base-services-5.4.1.jar:5.4.1]
	at java.util.concurrent.ThreadPoolExecutor.runWorker(ThreadPoolExecutor.java:1149) [na:1.8.0_211]
	at java.util.concurrent.ThreadPoolExecutor$Worker.run(ThreadPoolExecutor.java:624) [na:1.8.0_211]
	at org.gradle.internal.concurrent.ThreadFactoryImpl$ManagedThreadRunnable.run(ThreadFactoryImpl.java:55) [gradle-base-services-5.4.1.jar:5.4.1]
	at java.lang.Thread.run(Thread.java:748) [na:1.8.0_211]
Caused by: org.springframework.beans.factory.UnsatisfiedDependencyException: Error creating bean with name 'standardServiceImpl': Unsatisfied dependency expressed through field 'standardMapper'; nested exception is org.springframework.beans.factory.UnsatisfiedDependencyException: Error creating bean with name 'standardMapper' defined in file [/home/sunqiqian/IdeaProjects/standard1/build/classes/java/main/com/example/standard1/mapper/StandardMapper.class]: Unsatisfied dependency expressed through bean property 'sqlSessionFactory'; nested exception is org.springframework.beans.factory.BeanCreationException: Error creating bean with name 'sqlSessionFactory' defined in class path resource [org/mybatis/spring/boot/autoconfigure/MybatisAutoConfiguration.class]: Bean instantiation via factory method failed; nested exception is org.springframework.beans.BeanInstantiationException: Failed to instantiate [org.apache.ibatis.session.SqlSessionFactory]: Factory method 'sqlSessionFactory' threw exception; nested exception is org.springframework.core.NestedIOException: Failed to parse mapping resource: 'file [/home/sunqiqian/IdeaProjects/standard1/build/resources/main/mappers/StandardMapper.xml]'; nested exception is org.apache.ibatis.builder.BuilderException: Error parsing Mapper XML. The XML location is 'file [/home/sunqiqian/IdeaProjects/standard1/build/resources/main/mappers/StandardMapper.xml]'. Cause: org.apache.ibatis.builder.BuilderException: Error resolving class. Cause: org.apache.ibatis.type.TypeException: Could not resolve type alias 'com.example.standard.domain.Standard'.  Cause: java.lang.ClassNotFoundException: Cannot find class: com.example.standard.domain.Standard
	at org.springframework.beans.factory.annotation.AutowiredAnnotationBeanPostProcessor$AutowiredFieldElement.inject(AutowiredAnnotationBeanPostProcessor.java:596) ~[spring-beans-5.1.8.RELEASE.jar:5.1.8.RELEASE]
	at org.springframework.beans.factory.annotation.InjectionMetadata.inject(InjectionMetadata.java:90) ~[spring-beans-5.1.8.RELEASE.jar:5.1.8.RELEASE]
	at org.springframework.beans.factory.annotation.AutowiredAnnotationBeanPostProcessor.postProcessProperties(AutowiredAnnotationBeanPostProcessor.java:374) ~[spring-beans-5.1.8.RELEASE.jar:5.1.8.RELEASE]
	at org.springframework.beans.factory.support.AbstractAutowireCapableBeanFactory.populateBean(AbstractAutowireCapableBeanFactory.java:1411) ~[spring-beans-5.1.8.RELEASE.jar:5.1.8.RELEASE]
	at org.springframework.beans.factory.support.AbstractAutowireCapableBeanFactory.doCreateBean(AbstractAutowireCapableBeanFactory.java:592) ~[spring-beans-5.1.8.RELEASE.jar:5.1.8.RELEASE]
	at org.springframework.beans.factory.support.AbstractAutowireCapableBeanFactory.createBean(AbstractAutowireCapableBeanFactory.java:515) ~[spring-beans-5.1.8.RELEASE.jar:5.1.8.RELEASE]
	at org.springframework.beans.factory.support.AbstractBeanFactory.lambda$doGetBean$0(AbstractBeanFactory.java:320) ~[spring-beans-5.1.8.RELEASE.jar:5.1.8.RELEASE]
	at org.springframework.beans.factory.support.DefaultSingletonBeanRegistry.getSingleton(DefaultSingletonBeanRegistry.java:222) ~[spring-beans-5.1.8.RELEASE.jar:5.1.8.RELEASE]
	at org.springframework.beans.factory.support.AbstractBeanFactory.doGetBean(AbstractBeanFactory.java:318) ~[spring-beans-5.1.8.RELEASE.jar:5.1.8.RELEASE]
	at org.springframework.beans.factory.support.AbstractBeanFactory.getBean(AbstractBeanFactory.java:199) ~[spring-beans-5.1.8.RELEASE.jar:5.1.8.RELEASE]
	at org.springframework.beans.factory.support.DefaultListableBeanFactory.preInstantiateSingletons(DefaultListableBeanFactory.java:845) ~[spring-beans-5.1.8.RELEASE.jar:5.1.8.RELEASE]
	at org.springframework.context.support.AbstractApplicationContext.finishBeanFactoryInitialization(AbstractApplicationContext.java:877) ~[spring-context-5.1.8.RELEASE.jar:5.1.8.RELEASE]
	at org.springframework.context.support.AbstractApplicationContext.refresh(AbstractApplicationContext.java:549) ~[spring-context-5.1.8.RELEASE.jar:5.1.8.RELEASE]
	at org.springframework.boot.SpringApplication.refresh(SpringApplication.java:742) ~[spring-boot-2.1.6.RELEASE.jar:2.1.6.RELEASE]
	at org.springframework.boot.SpringApplication.refreshContext(SpringApplication.java:389) ~[spring-boot-2.1.6.RELEASE.jar:2.1.6.RELEASE]
	at org.springframework.boot.SpringApplication.run(SpringApplication.java:311) ~[spring-boot-2.1.6.RELEASE.jar:2.1.6.RELEASE]
	at org.springframework.boot.test.context.SpringBootContextLoader.loadContext(SpringBootContextLoader.java:119) ~[spring-boot-test-2.1.6.RELEASE.jar:2.1.6.RELEASE]
	at org.springframework.test.context.cache.DefaultCacheAwareContextLoaderDelegate.loadContextInternal(DefaultCacheAwareContextLoaderDelegate.java:99) ~[spring-test-5.1.8.RELEASE.jar:5.1.8.RELEASE]
	at org.springframework.test.context.cache.DefaultCacheAwareContextLoaderDelegate.loadContext(DefaultCacheAwareContextLoaderDelegate.java:117) ~[spring-test-5.1.8.RELEASE.jar:5.1.8.RELEASE]
	... 49 common frames omitted
Caused by: org.springframework.beans.factory.UnsatisfiedDependencyException: Error creating bean with name 'standardMapper' defined in file [/home/sunqiqian/IdeaProjects/standard1/build/classes/java/main/com/example/standard1/mapper/StandardMapper.class]: Unsatisfied dependency expressed through bean property 'sqlSessionFactory'; nested exception is org.springframework.beans.factory.BeanCreationException: Error creating bean with name 'sqlSessionFactory' defined in class path resource [org/mybatis/spring/boot/autoconfigure/MybatisAutoConfiguration.class]: Bean instantiation via factory method failed; nested exception is org.springframework.beans.BeanInstantiationException: Failed to instantiate [org.apache.ibatis.session.SqlSessionFactory]: Factory method 'sqlSessionFactory' threw exception; nested exception is org.springframework.core.NestedIOException: Failed to parse mapping resource: 'file [/home/sunqiqian/IdeaProjects/standard1/build/resources/main/mappers/StandardMapper.xml]'; nested exception is org.apache.ibatis.builder.BuilderException: Error parsing Mapper XML. The XML location is 'file [/home/sunqiqian/IdeaProjects/standard1/build/resources/main/mappers/StandardMapper.xml]'. Cause: org.apache.ibatis.builder.BuilderException: Error resolving class. Cause: org.apache.ibatis.type.TypeException: Could not resolve type alias 'com.example.standard.domain.Standard'.  Cause: java.lang.ClassNotFoundException: Cannot find class: com.example.standard.domain.Standard
	at org.springframework.beans.factory.support.AbstractAutowireCapableBeanFactory.autowireByType(AbstractAutowireCapableBeanFactory.java:1515) ~[spring-beans-5.1.8.RELEASE.jar:5.1.8.RELEASE]
	at org.springframework.beans.factory.support.AbstractAutowireCapableBeanFactory.populateBean(AbstractAutowireCapableBeanFactory.java:1395) ~[spring-beans-5.1.8.RELEASE.jar:5.1.8.RELEASE]
	at org.springframework.beans.factory.support.AbstractAutowireCapableBeanFactory.doCreateBean(AbstractAutowireCapableBeanFactory.java:592) ~[spring-beans-5.1.8.RELEASE.jar:5.1.8.RELEASE]
	at org.springframework.beans.factory.support.AbstractAutowireCapableBeanFactory.createBean(AbstractAutowireCapableBeanFactory.java:515) ~[spring-beans-5.1.8.RELEASE.jar:5.1.8.RELEASE]
	at org.springframework.beans.factory.support.AbstractBeanFactory.lambda$doGetBean$0(AbstractBeanFactory.java:320) ~[spring-beans-5.1.8.RELEASE.jar:5.1.8.RELEASE]
	at org.springframework.beans.factory.support.DefaultSingletonBeanRegistry.getSingleton(DefaultSingletonBeanRegistry.java:222) ~[spring-beans-5.1.8.RELEASE.jar:5.1.8.RELEASE]
	at org.springframework.beans.factory.support.AbstractBeanFactory.doGetBean(AbstractBeanFactory.java:318) ~[spring-beans-5.1.8.RELEASE.jar:5.1.8.RELEASE]
	at org.springframework.beans.factory.support.AbstractBeanFactory.getBean(AbstractBeanFactory.java:199) ~[spring-beans-5.1.8.RELEASE.jar:5.1.8.RELEASE]
	at org.springframework.beans.factory.config.DependencyDescriptor.resolveCandidate(DependencyDescriptor.java:277) ~[spring-beans-5.1.8.RELEASE.jar:5.1.8.RELEASE]
	at org.springframework.beans.factory.support.DefaultListableBeanFactory.doResolveDependency(DefaultListableBeanFactory.java:1251) ~[spring-beans-5.1.8.RELEASE.jar:5.1.8.RELEASE]
	at org.springframework.beans.factory.support.DefaultListableBeanFactory.resolveDependency(DefaultListableBeanFactory.java:1171) ~[spring-beans-5.1.8.RELEASE.jar:5.1.8.RELEASE]
	at org.springframework.beans.factory.annotation.AutowiredAnnotationBeanPostProcessor$AutowiredFieldElement.inject(AutowiredAnnotationBeanPostProcessor.java:593) ~[spring-beans-5.1.8.RELEASE.jar:5.1.8.RELEASE]
	... 67 common frames omitted
Caused by: org.springframework.beans.factory.BeanCreationException: Error creating bean with name 'sqlSessionFactory' defined in class path resource [org/mybatis/spring/boot/autoconfigure/MybatisAutoConfiguration.class]: Bean instantiation via factory method failed; nested exception is org.springframework.beans.BeanInstantiationException: Failed to instantiate [org.apache.ibatis.session.SqlSessionFactory]: Factory method 'sqlSessionFactory' threw exception; nested exception is org.springframework.core.NestedIOException: Failed to parse mapping resource: 'file [/home/sunqiqian/IdeaProjects/standard1/build/resources/main/mappers/StandardMapper.xml]'; nested exception is org.apache.ibatis.builder.BuilderException: Error parsing Mapper XML. The XML location is 'file [/home/sunqiqian/IdeaProjects/standard1/build/resources/main/mappers/StandardMapper.xml]'. Cause: org.apache.ibatis.builder.BuilderException: Error resolving class. Cause: org.apache.ibatis.type.TypeException: Could not resolve type alias 'com.example.standard.domain.Standard'.  Cause: java.lang.ClassNotFoundException: Cannot find class: com.example.standard.domain.Standard
	at org.springframework.beans.factory.support.ConstructorResolver.instantiate(ConstructorResolver.java:627) ~[spring-beans-5.1.8.RELEASE.jar:5.1.8.RELEASE]
	at org.springframework.beans.factory.support.ConstructorResolver.instantiateUsingFactoryMethod(ConstructorResolver.java:607) ~[spring-beans-5.1.8.RELEASE.jar:5.1.8.RELEASE]
	at org.springframework.beans.factory.support.AbstractAutowireCapableBeanFactory.instantiateUsingFactoryMethod(AbstractAutowireCapableBeanFactory.java:1321) ~[spring-beans-5.1.8.RELEASE.jar:5.1.8.RELEASE]
	at org.springframework.beans.factory.support.AbstractAutowireCapableBeanFactory.createBeanInstance(AbstractAutowireCapableBeanFactory.java:1160) ~[spring-beans-5.1.8.RELEASE.jar:5.1.8.RELEASE]
	at org.springframework.beans.factory.support.AbstractAutowireCapableBeanFactory.doCreateBean(AbstractAutowireCapableBeanFactory.java:555) ~[spring-beans-5.1.8.RELEASE.jar:5.1.8.RELEASE]
	at org.springframework.beans.factory.support.AbstractAutowireCapableBeanFactory.createBean(AbstractAutowireCapableBeanFactory.java:515) ~[spring-beans-5.1.8.RELEASE.jar:5.1.8.RELEASE]
	at org.springframework.beans.factory.support.AbstractBeanFactory.lambda$doGetBean$0(AbstractBeanFactory.java:320) ~[spring-beans-5.1.8.RELEASE.jar:5.1.8.RELEASE]
	at org.springframework.beans.factory.support.DefaultSingletonBeanRegistry.getSingleton(DefaultSingletonBeanRegistry.java:222) ~[spring-beans-5.1.8.RELEASE.jar:5.1.8.RELEASE]
	at org.springframework.beans.factory.support.AbstractBeanFactory.doGetBean(AbstractBeanFactory.java:318) ~[spring-beans-5.1.8.RELEASE.jar:5.1.8.RELEASE]
	at org.springframework.beans.factory.support.AbstractBeanFactory.getBean(AbstractBeanFactory.java:199) ~[spring-beans-5.1.8.RELEASE.jar:5.1.8.RELEASE]
	at org.springframework.beans.factory.config.DependencyDescriptor.resolveCandidate(DependencyDescriptor.java:277) ~[spring-beans-5.1.8.RELEASE.jar:5.1.8.RELEASE]
	at org.springframework.beans.factory.support.DefaultListableBeanFactory.doResolveDependency(DefaultListableBeanFactory.java:1251) ~[spring-beans-5.1.8.RELEASE.jar:5.1.8.RELEASE]
	at org.springframework.beans.factory.support.DefaultListableBeanFactory.resolveDependency(DefaultListableBeanFactory.java:1171) ~[spring-beans-5.1.8.RELEASE.jar:5.1.8.RELEASE]
	at org.springframework.beans.factory.support.AbstractAutowireCapableBeanFactory.autowireByType(AbstractAutowireCapableBeanFactory.java:1500) ~[spring-beans-5.1.8.RELEASE.jar:5.1.8.RELEASE]
	... 78 common frames omitted
Caused by: org.springframework.beans.BeanInstantiationException: Failed to instantiate [org.apache.ibatis.session.SqlSessionFactory]: Factory method 'sqlSessionFactory' threw exception; nested exception is org.springframework.core.NestedIOException: Failed to parse mapping resource: 'file [/home/sunqiqian/IdeaProjects/standard1/build/resources/main/mappers/StandardMapper.xml]'; nested exception is org.apache.ibatis.builder.BuilderException: Error parsing Mapper XML. The XML location is 'file [/home/sunqiqian/IdeaProjects/standard1/build/resources/main/mappers/StandardMapper.xml]'. Cause: org.apache.ibatis.builder.BuilderException: Error resolving class. Cause: org.apache.ibatis.type.TypeException: Could not resolve type alias 'com.example.standard.domain.Standard'.  Cause: java.lang.ClassNotFoundException: Cannot find class: com.example.standard.domain.Standard
	at org.springframework.beans.factory.support.SimpleInstantiationStrategy.instantiate(SimpleInstantiationStrategy.java:185) ~[spring-beans-5.1.8.RELEASE.jar:5.1.8.RELEASE]
	at org.springframework.beans.factory.support.ConstructorResolver.instantiate(ConstructorResolver.java:622) ~[spring-beans-5.1.8.RELEASE.jar:5.1.8.RELEASE]
	... 91 common frames omitted
Caused by: org.springframework.core.NestedIOException: Failed to parse mapping resource: 'file [/home/sunqiqian/IdeaProjects/standard1/build/resources/main/mappers/StandardMapper.xml]'; nested exception is org.apache.ibatis.builder.BuilderException: Error parsing Mapper XML. The XML location is 'file [/home/sunqiqian/IdeaProjects/standard1/build/resources/main/mappers/StandardMapper.xml]'. Cause: org.apache.ibatis.builder.BuilderException: Error resolving class. Cause: org.apache.ibatis.type.TypeException: Could not resolve type alias 'com.example.standard.domain.Standard'.  Cause: java.lang.ClassNotFoundException: Cannot find class: com.example.standard.domain.Standard
	at org.mybatis.spring.SqlSessionFactoryBean.buildSqlSessionFactory(SqlSessionFactoryBean.java:534) ~[mybatis-spring-2.0.1.jar:2.0.1]
	at org.mybatis.spring.SqlSessionFactoryBean.afterPropertiesSet(SqlSessionFactoryBean.java:424) ~[mybatis-spring-2.0.1.jar:2.0.1]
	at org.mybatis.spring.SqlSessionFactoryBean.getObject(SqlSessionFactoryBean.java:554) ~[mybatis-spring-2.0.1.jar:2.0.1]
	at org.mybatis.spring.boot.autoconfigure.MybatisAutoConfiguration.sqlSessionFactory(MybatisAutoConfiguration.java:150) ~[mybatis-spring-boot-autoconfigure-2.0.1.jar:2.0.1]
	at org.mybatis.spring.boot.autoconfigure.MybatisAutoConfiguration$$EnhancerBySpringCGLIB$$bf5efa31.CGLIB$sqlSessionFactory$0(<generated>) ~[mybatis-spring-boot-autoconfigure-2.0.1.jar:2.0.1]
	at org.mybatis.spring.boot.autoconfigure.MybatisAutoConfiguration$$EnhancerBySpringCGLIB$$bf5efa31$$FastClassBySpringCGLIB$$709ee9b.invoke(<generated>) ~[mybatis-spring-boot-autoconfigure-2.0.1.jar:2.0.1]
	at org.springframework.cglib.proxy.MethodProxy.invokeSuper(MethodProxy.java:244) ~[spring-core-5.1.8.RELEASE.jar:5.1.8.RELEASE]
	at org.springframework.context.annotation.ConfigurationClassEnhancer$BeanMethodInterceptor.intercept(ConfigurationClassEnhancer.java:363) ~[spring-context-5.1.8.RELEASE.jar:5.1.8.RELEASE]
	at org.mybatis.spring.boot.autoconfigure.MybatisAutoConfiguration$$EnhancerBySpringCGLIB$$bf5efa31.sqlSessionFactory(<generated>) ~[mybatis-spring-boot-autoconfigure-2.0.1.jar:2.0.1]
	at sun.reflect.NativeMethodAccessorImpl.invoke0(Native Method) ~[na:1.8.0_211]
	at sun.reflect.NativeMethodAccessorImpl.invoke(NativeMethodAccessorImpl.java:62) ~[na:1.8.0_211]
	at sun.reflect.DelegatingMethodAccessorImpl.invoke(DelegatingMethodAccessorImpl.java:43) ~[na:1.8.0_211]
	at java.lang.reflect.Method.invoke(Method.java:498) ~[na:1.8.0_211]
	at org.springframework.beans.factory.support.SimpleInstantiationStrategy.instantiate(SimpleInstantiationStrategy.java:154) ~[spring-beans-5.1.8.RELEASE.jar:5.1.8.RELEASE]
	... 92 common frames omitted
Caused by: org.apache.ibatis.builder.BuilderException: Error parsing Mapper XML. The XML location is 'file [/home/sunqiqian/IdeaProjects/standard1/build/resources/main/mappers/StandardMapper.xml]'. Cause: org.apache.ibatis.builder.BuilderException: Error resolving class. Cause: org.apache.ibatis.type.TypeException: Could not resolve type alias 'com.example.standard.domain.Standard'.  Cause: java.lang.ClassNotFoundException: Cannot find class: com.example.standard.domain.Standard
	at org.apache.ibatis.builder.xml.XMLMapperBuilder.configurationElement(XMLMapperBuilder.java:122) ~[mybatis-3.5.1.jar:3.5.1]
	at org.apache.ibatis.builder.xml.XMLMapperBuilder.parse(XMLMapperBuilder.java:94) ~[mybatis-3.5.1.jar:3.5.1]
	at org.mybatis.spring.SqlSessionFactoryBean.buildSqlSessionFactory(SqlSessionFactoryBean.java:532) ~[mybatis-spring-2.0.1.jar:2.0.1]
	... 105 common frames omitted
Caused by: org.apache.ibatis.builder.BuilderException: Error resolving class. Cause: org.apache.ibatis.type.TypeException: Could not resolve type alias 'com.example.standard.domain.Standard'.  Cause: java.lang.ClassNotFoundException: Cannot find class: com.example.standard.domain.Standard
	at org.apache.ibatis.builder.BaseBuilder.resolveClass(BaseBuilder.java:118) ~[mybatis-3.5.1.jar:3.5.1]
	at org.apache.ibatis.builder.xml.XMLMapperBuilder.resultMapElement(XMLMapperBuilder.java:262) ~[mybatis-3.5.1.jar:3.5.1]
	at org.apache.ibatis.builder.xml.XMLMapperBuilder.resultMapElement(XMLMapperBuilder.java:253) ~[mybatis-3.5.1.jar:3.5.1]
	at org.apache.ibatis.builder.xml.XMLMapperBuilder.resultMapElements(XMLMapperBuilder.java:245) ~[mybatis-3.5.1.jar:3.5.1]
	at org.apache.ibatis.builder.xml.XMLMapperBuilder.configurationElement(XMLMapperBuilder.java:118) ~[mybatis-3.5.1.jar:3.5.1]
	... 107 common frames omitted
Caused by: org.apache.ibatis.type.TypeException: Could not resolve type alias 'com.example.standard.domain.Standard'.  Cause: java.lang.ClassNotFoundException: Cannot find class: com.example.standard.domain.Standard
	at org.apache.ibatis.type.TypeAliasRegistry.resolveAlias(TypeAliasRegistry.java:120) ~[mybatis-3.5.1.jar:3.5.1]
	at org.apache.ibatis.builder.BaseBuilder.resolveAlias(BaseBuilder.java:149) ~[mybatis-3.5.1.jar:3.5.1]
	at org.apache.ibatis.builder.BaseBuilder.resolveClass(BaseBuilder.java:116) ~[mybatis-3.5.1.jar:3.5.1]
	... 111 common frames omitted
Caused by: java.lang.ClassNotFoundException: Cannot find class: com.example.standard.domain.Standard
	at org.apache.ibatis.io.ClassLoaderWrapper.classForName(ClassLoaderWrapper.java:200) ~[mybatis-3.5.1.jar:3.5.1]
	at org.apache.ibatis.io.ClassLoaderWrapper.classForName(ClassLoaderWrapper.java:89) ~[mybatis-3.5.1.jar:3.5.1]
	at org.apache.ibatis.io.Resources.classForName(Resources.java:261) ~[mybatis-3.5.1.jar:3.5.1]
	at org.apache.ibatis.type.TypeAliasRegistry.resolveAlias(TypeAliasRegistry.java:116) ~[mybatis-3.5.1.jar:3.5.1]
	... 113 common frames omitted

2019-07-08 16:23:56.718  INFO 17725 --- [Test worker] c.e.standard1.Standard1ApplicationTests  : Starting Standard1ApplicationTests on sunqiqian-HP-Pavilion-Notebook with PID 17725 (started by sunqiqian in /home/sunqiqian/IdeaProjects/standard1)
2019-07-08 16:23:56.721  INFO 17725 --- [Test worker] c.e.standard1.Standard1ApplicationTests  : No active profile set, falling back to default profiles: default
2019-07-08 16:23:56.759 DEBUG 17725 --- [Test worker] o.s.w.c.s.GenericWebApplicationContext   : Refreshing org.springframework.web.context.support.GenericWebApplicationContext@5fd517a0
2019-07-08 16:23:58.719 DEBUG 17725 --- [Test worker] o.s.w.s.handler.SimpleUrlHandlerMapping  : Patterns [/**/favicon.ico] in 'faviconHandlerMapping'
2019-07-08 16:23:58.889  INFO 17725 --- [Test worker] o.s.s.concurrent.ThreadPoolTaskExecutor  : Initializing ExecutorService 'applicationTaskExecutor'
2019-07-08 16:23:58.905 DEBUG 17725 --- [Test worker] s.w.s.m.m.a.RequestMappingHandlerAdapter : ControllerAdvice beans: 0 @ModelAttribute, 0 @InitBinder, 1 RequestBodyAdvice, 1 ResponseBodyAdvice
2019-07-08 16:23:58.973 DEBUG 17725 --- [Test worker] s.w.s.m.m.a.RequestMappingHandlerMapping : 2 mappings in 'requestMappingHandlerMapping'
2019-07-08 16:23:58.994 DEBUG 17725 --- [Test worker] o.s.w.s.handler.SimpleUrlHandlerMapping  : Patterns [/webjars/**, /**] in 'resourceHandlerMapping'
2019-07-08 16:23:59.010 DEBUG 17725 --- [Test worker] .m.m.a.ExceptionHandlerExceptionResolver : ControllerAdvice beans: 0 @ExceptionHandler, 1 ResponseBodyAdvice
2019-07-08 16:23:59.249  INFO 17725 --- [Test worker] c.e.standard1.Standard1ApplicationTests  : Started Standard1ApplicationTests in 2.803 seconds (JVM running for 3.819)
2019-07-08 16:23:59.590  INFO 17725 --- [Test worker] com.zaxxer.hikari.HikariDataSource       : HikariPool-1 - Starting...
2019-07-08 16:23:59.747  WARN 17725 --- [Test worker] com.zaxxer.hikari.util.DriverDataSource  : Registered driver with driverClassName=com.mysql.jdbc.Driver was not found, trying direct instantiation.
2019-07-08 16:24:00.074  INFO 17725 --- [Test worker] com.zaxxer.hikari.HikariDataSource       : HikariPool-1 - Start completed.
2019-07-08 16:24:00.158 DEBUG 17725 --- [Thread-5] o.s.w.c.s.GenericWebApplicationContext   : Closing org.springframework.web.context.support.GenericWebApplicationContext@5fd517a0, started on Mon Jul 08 16:23:56 CST 2019
2019-07-08 16:24:00.162  INFO 17725 --- [Thread-5] o.s.s.concurrent.ThreadPoolTaskExecutor  : Shutting down ExecutorService 'applicationTaskExecutor'
2019-07-08 16:24:00.164  INFO 17725 --- [Thread-5] com.zaxxer.hikari.HikariDataSource       : HikariPool-1 - Shutdown initiated...
2019-07-08 16:24:00.243  INFO 17725 --- [Thread-5] com.zaxxer.hikari.HikariDataSource       : HikariPool-1 - Shutdown completed.
2019-07-08 16:26:10.174  INFO 18087 --- [Test worker] c.e.standard1.Standard1ApplicationTests  : Starting Standard1ApplicationTests on sunqiqian-HP-Pavilion-Notebook with PID 18087 (started by sunqiqian in /home/sunqiqian/IdeaProjects/standard)
2019-07-08 16:26:10.193  INFO 18087 --- [Test worker] c.e.standard1.Standard1ApplicationTests  : No active profile set, falling back to default profiles: default
2019-07-08 16:26:10.223 DEBUG 18087 --- [Test worker] o.s.w.c.s.GenericWebApplicationContext   : Refreshing org.springframework.web.context.support.GenericWebApplicationContext@773638c2
2019-07-08 16:26:11.972 DEBUG 18087 --- [Test worker] o.s.w.s.handler.SimpleUrlHandlerMapping  : Patterns [/**/favicon.ico] in 'faviconHandlerMapping'
2019-07-08 16:26:12.134  INFO 18087 --- [Test worker] o.s.s.concurrent.ThreadPoolTaskExecutor  : Initializing ExecutorService 'applicationTaskExecutor'
2019-07-08 16:26:12.148 DEBUG 18087 --- [Test worker] s.w.s.m.m.a.RequestMappingHandlerAdapter : ControllerAdvice beans: 0 @ModelAttribute, 0 @InitBinder, 1 RequestBodyAdvice, 1 ResponseBodyAdvice
2019-07-08 16:26:12.209 DEBUG 18087 --- [Test worker] s.w.s.m.m.a.RequestMappingHandlerMapping : 2 mappings in 'requestMappingHandlerMapping'
2019-07-08 16:26:12.231 DEBUG 18087 --- [Test worker] o.s.w.s.handler.SimpleUrlHandlerMapping  : Patterns [/webjars/**, /**] in 'resourceHandlerMapping'
2019-07-08 16:26:12.244 DEBUG 18087 --- [Test worker] .m.m.a.ExceptionHandlerExceptionResolver : ControllerAdvice beans: 0 @ExceptionHandler, 1 ResponseBodyAdvice
2019-07-08 16:26:12.485  INFO 18087 --- [Test worker] c.e.standard1.Standard1ApplicationTests  : Started Standard1ApplicationTests in 2.648 seconds (JVM running for 3.428)
2019-07-08 16:26:12.696  INFO 18087 --- [Test worker] com.zaxxer.hikari.HikariDataSource       : HikariPool-1 - Starting...
2019-07-08 16:26:12.700  WARN 18087 --- [Test worker] com.zaxxer.hikari.util.DriverDataSource  : Registered driver with driverClassName=com.mysql.jdbc.Driver was not found, trying direct instantiation.
2019-07-08 16:26:12.855  INFO 18087 --- [Test worker] com.zaxxer.hikari.HikariDataSource       : HikariPool-1 - Start completed.
2019-07-08 16:26:12.918 DEBUG 18087 --- [Thread-5] o.s.w.c.s.GenericWebApplicationContext   : Closing org.springframework.web.context.support.GenericWebApplicationContext@773638c2, started on Mon Jul 08 16:26:10 CST 2019
2019-07-08 16:26:12.921  INFO 18087 --- [Thread-5] o.s.s.concurrent.ThreadPoolTaskExecutor  : Shutting down ExecutorService 'applicationTaskExecutor'
2019-07-08 16:26:12.922  INFO 18087 --- [Thread-5] com.zaxxer.hikari.HikariDataSource       : HikariPool-1 - Shutdown initiated...
2019-07-08 16:26:12.940  INFO 18087 --- [Thread-5] com.zaxxer.hikari.HikariDataSource       : HikariPool-1 - Shutdown completed.
2019-07-08 16:28:27.894  INFO 18323 --- [main] c.e.standard1.Standard1ApplicationTests  : Starting Standard1ApplicationTests on sunqiqian-HP-Pavilion-Notebook with PID 18323 (started by sunqiqian in /home/sunqiqian/IdeaProjects/standard)
2019-07-08 16:28:27.895  INFO 18323 --- [main] c.e.standard1.Standard1ApplicationTests  : No active profile set, falling back to default profiles: default
2019-07-08 16:28:27.975 DEBUG 18323 --- [main] o.s.w.c.s.GenericWebApplicationContext   : Refreshing org.springframework.web.context.support.GenericWebApplicationContext@7bab3f1a
2019-07-08 16:28:29.919 DEBUG 18323 --- [main] o.s.w.s.handler.SimpleUrlHandlerMapping  : Patterns [/**/favicon.ico] in 'faviconHandlerMapping'
2019-07-08 16:28:30.176  INFO 18323 --- [main] o.s.s.concurrent.ThreadPoolTaskExecutor  : Initializing ExecutorService 'applicationTaskExecutor'
2019-07-08 16:28:30.191 DEBUG 18323 --- [main] s.w.s.m.m.a.RequestMappingHandlerAdapter : ControllerAdvice beans: 0 @ModelAttribute, 0 @InitBinder, 1 RequestBodyAdvice, 1 ResponseBodyAdvice
2019-07-08 16:28:30.254 DEBUG 18323 --- [main] s.w.s.m.m.a.RequestMappingHandlerMapping : 2 mappings in 'requestMappingHandlerMapping'
2019-07-08 16:28:30.276 DEBUG 18323 --- [main] o.s.w.s.handler.SimpleUrlHandlerMapping  : Patterns [/webjars/**, /**] in 'resourceHandlerMapping'
2019-07-08 16:28:30.288 DEBUG 18323 --- [main] .m.m.a.ExceptionHandlerExceptionResolver : ControllerAdvice beans: 0 @ExceptionHandler, 1 ResponseBodyAdvice
2019-07-08 16:28:30.523  INFO 18323 --- [main] c.e.standard1.Standard1ApplicationTests  : Started Standard1ApplicationTests in 3.172 seconds (JVM running for 4.401)
2019-07-08 16:28:30.687  INFO 18323 --- [main] com.zaxxer.hikari.HikariDataSource       : HikariPool-1 - Starting...
2019-07-08 16:28:30.691  WARN 18323 --- [main] com.zaxxer.hikari.util.DriverDataSource  : Registered driver with driverClassName=com.mysql.jdbc.Driver was not found, trying direct instantiation.
2019-07-08 16:28:30.838  INFO 18323 --- [main] com.zaxxer.hikari.HikariDataSource       : HikariPool-1 - Start completed.
2019-07-08 16:28:30.931 DEBUG 18323 --- [Thread-2] o.s.w.c.s.GenericWebApplicationContext   : Closing org.springframework.web.context.support.GenericWebApplicationContext@7bab3f1a, started on Mon Jul 08 16:28:27 CST 2019
2019-07-08 16:28:30.933  INFO 18323 --- [Thread-2] o.s.s.concurrent.ThreadPoolTaskExecutor  : Shutting down ExecutorService 'applicationTaskExecutor'
2019-07-08 16:28:30.934  INFO 18323 --- [Thread-2] com.zaxxer.hikari.HikariDataSource       : HikariPool-1 - Shutdown initiated...
2019-07-08 16:28:30.948  INFO 18323 --- [Thread-2] com.zaxxer.hikari.HikariDataSource       : HikariPool-1 - Shutdown completed.
2019-07-08 16:30:26.565  INFO 18565 --- [main] c.e.standard1.Standard1ApplicationTests  : Starting Standard1ApplicationTests on sunqiqian-HP-Pavilion-Notebook with PID 18565 (started by sunqiqian in /home/sunqiqian/IdeaProjects/standard)
2019-07-08 16:30:26.567  INFO 18565 --- [main] c.e.standard1.Standard1ApplicationTests  : No active profile set, falling back to default profiles: default
2019-07-08 16:30:26.595 DEBUG 18565 --- [main] o.s.w.c.s.GenericWebApplicationContext   : Refreshing org.springframework.web.context.support.GenericWebApplicationContext@437da279
2019-07-08 16:30:28.512 DEBUG 18565 --- [main] o.s.w.s.handler.SimpleUrlHandlerMapping  : Patterns [/**/favicon.ico] in 'faviconHandlerMapping'
2019-07-08 16:30:28.752  INFO 18565 --- [main] o.s.s.concurrent.ThreadPoolTaskExecutor  : Initializing ExecutorService 'applicationTaskExecutor'
2019-07-08 16:30:28.766 DEBUG 18565 --- [main] s.w.s.m.m.a.RequestMappingHandlerAdapter : ControllerAdvice beans: 0 @ModelAttribute, 0 @InitBinder, 1 RequestBodyAdvice, 1 ResponseBodyAdvice
2019-07-08 16:30:28.830 DEBUG 18565 --- [main] s.w.s.m.m.a.RequestMappingHandlerMapping : 2 mappings in 'requestMappingHandlerMapping'
2019-07-08 16:30:28.851 DEBUG 18565 --- [main] o.s.w.s.handler.SimpleUrlHandlerMapping  : Patterns [/webjars/**, /**] in 'resourceHandlerMapping'
2019-07-08 16:30:28.863 DEBUG 18565 --- [main] .m.m.a.ExceptionHandlerExceptionResolver : ControllerAdvice beans: 0 @ExceptionHandler, 1 ResponseBodyAdvice
2019-07-08 16:30:29.089  INFO 18565 --- [main] c.e.standard1.Standard1ApplicationTests  : Started Standard1ApplicationTests in 3.047 seconds (JVM running for 3.812)
2019-07-08 16:30:29.257  INFO 18565 --- [main] com.zaxxer.hikari.HikariDataSource       : HikariPool-1 - Starting...
2019-07-08 16:30:29.261  WARN 18565 --- [main] com.zaxxer.hikari.util.DriverDataSource  : Registered driver with driverClassName=com.mysql.jdbc.Driver was not found, trying direct instantiation.
2019-07-08 16:30:29.422  INFO 18565 --- [main] com.zaxxer.hikari.HikariDataSource       : HikariPool-1 - Start completed.
2019-07-08 16:30:29.560 DEBUG 18565 --- [Thread-2] o.s.w.c.s.GenericWebApplicationContext   : Closing org.springframework.web.context.support.GenericWebApplicationContext@437da279, started on Mon Jul 08 16:30:26 CST 2019
2019-07-08 16:30:29.568  INFO 18565 --- [Thread-2] o.s.s.concurrent.ThreadPoolTaskExecutor  : Shutting down ExecutorService 'applicationTaskExecutor'
2019-07-08 16:30:29.569  INFO 18565 --- [Thread-2] com.zaxxer.hikari.HikariDataSource       : HikariPool-1 - Shutdown initiated...
2019-07-08 16:30:29.583  INFO 18565 --- [Thread-2] com.zaxxer.hikari.HikariDataSource       : HikariPool-1 - Shutdown completed.
2019-07-08 16:31:38.483  INFO 18736 --- [main] c.e.standard1.Standard1ApplicationTests  : Starting Standard1ApplicationTests on sunqiqian-HP-Pavilion-Notebook with PID 18736 (started by sunqiqian in /home/sunqiqian/IdeaProjects/standard)
2019-07-08 16:31:38.485  INFO 18736 --- [main] c.e.standard1.Standard1ApplicationTests  : No active profile set, falling back to default profiles: default
2019-07-08 16:31:38.522 DEBUG 18736 --- [main] o.s.w.c.s.GenericWebApplicationContext   : Refreshing org.springframework.web.context.support.GenericWebApplicationContext@437da279
2019-07-08 16:31:40.491 DEBUG 18736 --- [main] o.s.w.s.handler.SimpleUrlHandlerMapping  : Patterns [/**/favicon.ico] in 'faviconHandlerMapping'
2019-07-08 16:31:40.846  INFO 18736 --- [main] o.s.s.concurrent.ThreadPoolTaskExecutor  : Initializing ExecutorService 'applicationTaskExecutor'
2019-07-08 16:31:40.871 DEBUG 18736 --- [main] s.w.s.m.m.a.RequestMappingHandlerAdapter : ControllerAdvice beans: 0 @ModelAttribute, 0 @InitBinder, 1 RequestBodyAdvice, 1 ResponseBodyAdvice
2019-07-08 16:31:40.989 DEBUG 18736 --- [main] s.w.s.m.m.a.RequestMappingHandlerMapping : 2 mappings in 'requestMappingHandlerMapping'
2019-07-08 16:31:41.032 DEBUG 18736 --- [main] o.s.w.s.handler.SimpleUrlHandlerMapping  : Patterns [/webjars/**, /**] in 'resourceHandlerMapping'
2019-07-08 16:31:41.054 DEBUG 18736 --- [main] .m.m.a.ExceptionHandlerExceptionResolver : ControllerAdvice beans: 0 @ExceptionHandler, 1 ResponseBodyAdvice
2019-07-08 16:31:41.404  INFO 18736 --- [main] c.e.standard1.Standard1ApplicationTests  : Started Standard1ApplicationTests in 3.552 seconds (JVM running for 4.348)
2019-07-08 16:31:41.581  INFO 18736 --- [main] com.zaxxer.hikari.HikariDataSource       : HikariPool-1 - Starting...
2019-07-08 16:31:41.586  WARN 18736 --- [main] com.zaxxer.hikari.util.DriverDataSource  : Registered driver with driverClassName=com.mysql.jdbc.Driver was not found, trying direct instantiation.
2019-07-08 16:31:41.763  INFO 18736 --- [main] com.zaxxer.hikari.HikariDataSource       : HikariPool-1 - Start completed.
2019-07-08 16:31:41.935 DEBUG 18736 --- [Thread-2] o.s.w.c.s.GenericWebApplicationContext   : Closing org.springframework.web.context.support.GenericWebApplicationContext@437da279, started on Mon Jul 08 16:31:38 CST 2019
2019-07-08 16:31:41.937  INFO 18736 --- [Thread-2] o.s.s.concurrent.ThreadPoolTaskExecutor  : Shutting down ExecutorService 'applicationTaskExecutor'
2019-07-08 16:31:41.939  INFO 18736 --- [Thread-2] com.zaxxer.hikari.HikariDataSource       : HikariPool-1 - Shutdown initiated...
2019-07-08 16:31:41.970  INFO 18736 --- [Thread-2] com.zaxxer.hikari.HikariDataSource       : HikariPool-1 - Shutdown completed.
2019-07-08 16:36:34.736  INFO 19260 --- [main] c.e.standard1.Standard1ApplicationTests  : Starting Standard1ApplicationTests on sunqiqian-HP-Pavilion-Notebook with PID 19260 (started by sunqiqian in /home/sunqiqian/IdeaProjects/standard)
2019-07-08 16:36:34.743  INFO 19260 --- [main] c.e.standard1.Standard1ApplicationTests  : No active profile set, falling back to default profiles: default
2019-07-08 16:36:34.818 DEBUG 19260 --- [main] o.s.w.c.s.GenericWebApplicationContext   : Refreshing org.springframework.web.context.support.GenericWebApplicationContext@23c30a20
2019-07-08 16:36:36.824 DEBUG 19260 --- [main] o.s.w.s.handler.SimpleUrlHandlerMapping  : Patterns [/**/favicon.ico] in 'faviconHandlerMapping'
2019-07-08 16:36:37.054  INFO 19260 --- [main] o.s.s.concurrent.ThreadPoolTaskExecutor  : Initializing ExecutorService 'applicationTaskExecutor'
2019-07-08 16:36:37.068 DEBUG 19260 --- [main] s.w.s.m.m.a.RequestMappingHandlerAdapter : ControllerAdvice beans: 0 @ModelAttribute, 0 @InitBinder, 1 RequestBodyAdvice, 1 ResponseBodyAdvice
2019-07-08 16:36:37.127 DEBUG 19260 --- [main] s.w.s.m.m.a.RequestMappingHandlerMapping : 2 mappings in 'requestMappingHandlerMapping'
2019-07-08 16:36:37.146 DEBUG 19260 --- [main] o.s.w.s.handler.SimpleUrlHandlerMapping  : Patterns [/webjars/**, /**] in 'resourceHandlerMapping'
2019-07-08 16:36:37.156 DEBUG 19260 --- [main] .m.m.a.ExceptionHandlerExceptionResolver : ControllerAdvice beans: 0 @ExceptionHandler, 1 ResponseBodyAdvice
2019-07-08 16:36:37.380  INFO 19260 --- [main] c.e.standard1.Standard1ApplicationTests  : Started Standard1ApplicationTests in 3.039 seconds (JVM running for 3.86)
2019-07-08 16:36:37.557 DEBUG 19260 --- [Thread-2] o.s.w.c.s.GenericWebApplicationContext   : Closing org.springframework.web.context.support.GenericWebApplicationContext@23c30a20, started on Mon Jul 08 16:36:34 CST 2019
2019-07-08 16:36:37.559  INFO 19260 --- [Thread-2] o.s.s.concurrent.ThreadPoolTaskExecutor  : Shutting down ExecutorService 'applicationTaskExecutor'
2019-07-08 16:37:14.494  INFO 19372 --- [main] c.e.standard1.Standard1ApplicationTests  : Starting Standard1ApplicationTests on sunqiqian-HP-Pavilion-Notebook with PID 19372 (started by sunqiqian in /home/sunqiqian/IdeaProjects/standard)
2019-07-08 16:37:14.497  INFO 19372 --- [main] c.e.standard1.Standard1ApplicationTests  : No active profile set, falling back to default profiles: default
2019-07-08 16:37:14.547 DEBUG 19372 --- [main] o.s.w.c.s.GenericWebApplicationContext   : Refreshing org.springframework.web.context.support.GenericWebApplicationContext@23c30a20
2019-07-08 16:37:16.567 DEBUG 19372 --- [main] o.s.w.s.handler.SimpleUrlHandlerMapping  : Patterns [/**/favicon.ico] in 'faviconHandlerMapping'
2019-07-08 16:37:16.804  INFO 19372 --- [main] o.s.s.concurrent.ThreadPoolTaskExecutor  : Initializing ExecutorService 'applicationTaskExecutor'
2019-07-08 16:37:16.818 DEBUG 19372 --- [main] s.w.s.m.m.a.RequestMappingHandlerAdapter : ControllerAdvice beans: 0 @ModelAttribute, 0 @InitBinder, 1 RequestBodyAdvice, 1 ResponseBodyAdvice
2019-07-08 16:37:16.880 DEBUG 19372 --- [main] s.w.s.m.m.a.RequestMappingHandlerMapping : 2 mappings in 'requestMappingHandlerMapping'
2019-07-08 16:37:16.899 DEBUG 19372 --- [main] o.s.w.s.handler.SimpleUrlHandlerMapping  : Patterns [/webjars/**, /**] in 'resourceHandlerMapping'
2019-07-08 16:37:16.911 DEBUG 19372 --- [main] .m.m.a.ExceptionHandlerExceptionResolver : ControllerAdvice beans: 0 @ExceptionHandler, 1 ResponseBodyAdvice
2019-07-08 16:37:17.128  INFO 19372 --- [main] c.e.standard1.Standard1ApplicationTests  : Started Standard1ApplicationTests in 3.125 seconds (JVM running for 3.874)
2019-07-08 16:37:17.304 DEBUG 19372 --- [Thread-2] o.s.w.c.s.GenericWebApplicationContext   : Closing org.springframework.web.context.support.GenericWebApplicationContext@23c30a20, started on Mon Jul 08 16:37:14 CST 2019
2019-07-08 16:37:17.307  INFO 19372 --- [Thread-2] o.s.s.concurrent.ThreadPoolTaskExecutor  : Shutting down ExecutorService 'applicationTaskExecutor'
2019-07-08 16:38:04.683  INFO 19469 --- [main] c.e.standard1.Standard1ApplicationTests  : Starting Standard1ApplicationTests on sunqiqian-HP-Pavilion-Notebook with PID 19469 (started by sunqiqian in /home/sunqiqian/IdeaProjects/standard)
2019-07-08 16:38:04.684  INFO 19469 --- [main] c.e.standard1.Standard1ApplicationTests  : No active profile set, falling back to default profiles: default
2019-07-08 16:38:04.729 DEBUG 19469 --- [main] o.s.w.c.s.GenericWebApplicationContext   : Refreshing org.springframework.web.context.support.GenericWebApplicationContext@23c30a20
2019-07-08 16:38:06.875 DEBUG 19469 --- [main] o.s.w.s.handler.SimpleUrlHandlerMapping  : Patterns [/**/favicon.ico] in 'faviconHandlerMapping'
2019-07-08 16:38:07.108  INFO 19469 --- [main] o.s.s.concurrent.ThreadPoolTaskExecutor  : Initializing ExecutorService 'applicationTaskExecutor'
2019-07-08 16:38:07.123 DEBUG 19469 --- [main] s.w.s.m.m.a.RequestMappingHandlerAdapter : ControllerAdvice beans: 0 @ModelAttribute, 0 @InitBinder, 1 RequestBodyAdvice, 1 ResponseBodyAdvice
2019-07-08 16:38:07.185 DEBUG 19469 --- [main] s.w.s.m.m.a.RequestMappingHandlerMapping : 2 mappings in 'requestMappingHandlerMapping'
2019-07-08 16:38:07.205 DEBUG 19469 --- [main] o.s.w.s.handler.SimpleUrlHandlerMapping  : Patterns [/webjars/**, /**] in 'resourceHandlerMapping'
2019-07-08 16:38:07.216 DEBUG 19469 --- [main] .m.m.a.ExceptionHandlerExceptionResolver : ControllerAdvice beans: 0 @ExceptionHandler, 1 ResponseBodyAdvice
2019-07-08 16:38:07.437  INFO 19469 --- [main] c.e.standard1.Standard1ApplicationTests  : Started Standard1ApplicationTests in 3.16 seconds (JVM running for 3.898)
2019-07-08 16:38:07.617 DEBUG 19469 --- [Thread-2] o.s.w.c.s.GenericWebApplicationContext   : Closing org.springframework.web.context.support.GenericWebApplicationContext@23c30a20, started on Mon Jul 08 16:38:04 CST 2019
2019-07-08 16:38:07.620  INFO 19469 --- [Thread-2] o.s.s.concurrent.ThreadPoolTaskExecutor  : Shutting down ExecutorService 'applicationTaskExecutor'
2019-07-08 16:41:33.029  INFO 19804 --- [main] c.e.standard1.Standard1ApplicationTests  : Starting Standard1ApplicationTests on sunqiqian-HP-Pavilion-Notebook with PID 19804 (started by sunqiqian in /home/sunqiqian/IdeaProjects/standard)
2019-07-08 16:41:33.036  INFO 19804 --- [main] c.e.standard1.Standard1ApplicationTests  : No active profile set, falling back to default profiles: default
2019-07-08 16:41:33.097 DEBUG 19804 --- [main] o.s.w.c.s.GenericWebApplicationContext   : Refreshing org.springframework.web.context.support.GenericWebApplicationContext@23c30a20
2019-07-08 16:41:35.582 DEBUG 19804 --- [main] o.s.w.s.handler.SimpleUrlHandlerMapping  : Patterns [/**/favicon.ico] in 'faviconHandlerMapping'
2019-07-08 16:41:35.848  INFO 19804 --- [main] o.s.s.concurrent.ThreadPoolTaskExecutor  : Initializing ExecutorService 'applicationTaskExecutor'
2019-07-08 16:41:35.863 DEBUG 19804 --- [main] s.w.s.m.m.a.RequestMappingHandlerAdapter : ControllerAdvice beans: 0 @ModelAttribute, 0 @InitBinder, 1 RequestBodyAdvice, 1 ResponseBodyAdvice
2019-07-08 16:41:35.925 DEBUG 19804 --- [main] s.w.s.m.m.a.RequestMappingHandlerMapping : 2 mappings in 'requestMappingHandlerMapping'
2019-07-08 16:41:35.946 DEBUG 19804 --- [main] o.s.w.s.handler.SimpleUrlHandlerMapping  : Patterns [/webjars/**, /**] in 'resourceHandlerMapping'
2019-07-08 16:41:35.957 DEBUG 19804 --- [main] .m.m.a.ExceptionHandlerExceptionResolver : ControllerAdvice beans: 0 @ExceptionHandler, 1 ResponseBodyAdvice
2019-07-08 16:41:36.181  INFO 19804 --- [main] c.e.standard1.Standard1ApplicationTests  : Started Standard1ApplicationTests in 3.553 seconds (JVM running for 4.324)
2019-07-08 16:41:36.358 DEBUG 19804 --- [Thread-2] o.s.w.c.s.GenericWebApplicationContext   : Closing org.springframework.web.context.support.GenericWebApplicationContext@23c30a20, started on Mon Jul 08 16:41:33 CST 2019
2019-07-08 16:41:36.360  INFO 19804 --- [Thread-2] o.s.s.concurrent.ThreadPoolTaskExecutor  : Shutting down ExecutorService 'applicationTaskExecutor'
2019-07-08 16:42:27.359  INFO 19912 --- [main] c.e.standard1.Standard1ApplicationTests  : Starting Standard1ApplicationTests on sunqiqian-HP-Pavilion-Notebook with PID 19912 (started by sunqiqian in /home/sunqiqian/IdeaProjects/standard)
2019-07-08 16:42:27.366  INFO 19912 --- [main] c.e.standard1.Standard1ApplicationTests  : No active profile set, falling back to default profiles: default
2019-07-08 16:42:27.422 DEBUG 19912 --- [main] o.s.w.c.s.GenericWebApplicationContext   : Refreshing org.springframework.web.context.support.GenericWebApplicationContext@437da279
2019-07-08 16:42:29.761 DEBUG 19912 --- [main] o.s.w.s.handler.SimpleUrlHandlerMapping  : Patterns [/**/favicon.ico] in 'faviconHandlerMapping'
2019-07-08 16:42:30.023  INFO 19912 --- [main] o.s.s.concurrent.ThreadPoolTaskExecutor  : Initializing ExecutorService 'applicationTaskExecutor'
2019-07-08 16:42:30.037 DEBUG 19912 --- [main] s.w.s.m.m.a.RequestMappingHandlerAdapter : ControllerAdvice beans: 0 @ModelAttribute, 0 @InitBinder, 1 RequestBodyAdvice, 1 ResponseBodyAdvice
2019-07-08 16:42:30.100 DEBUG 19912 --- [main] s.w.s.m.m.a.RequestMappingHandlerMapping : 2 mappings in 'requestMappingHandlerMapping'
2019-07-08 16:42:30.122 DEBUG 19912 --- [main] o.s.w.s.handler.SimpleUrlHandlerMapping  : Patterns [/webjars/**, /**] in 'resourceHandlerMapping'
2019-07-08 16:42:30.134 DEBUG 19912 --- [main] .m.m.a.ExceptionHandlerExceptionResolver : ControllerAdvice beans: 0 @ExceptionHandler, 1 ResponseBodyAdvice
2019-07-08 16:42:30.443  INFO 19912 --- [main] c.e.standard1.Standard1ApplicationTests  : Started Standard1ApplicationTests in 3.639 seconds (JVM running for 4.44)
2019-07-08 16:42:30.654 DEBUG 19912 --- [Thread-2] o.s.w.c.s.GenericWebApplicationContext   : Closing org.springframework.web.context.support.GenericWebApplicationContext@437da279, started on Mon Jul 08 16:42:27 CST 2019
2019-07-08 16:42:30.656  INFO 19912 --- [Thread-2] o.s.s.concurrent.ThreadPoolTaskExecutor  : Shutting down ExecutorService 'applicationTaskExecutor'
2019-07-08 16:42:41.055  INFO 19965 --- [main] c.e.standard1.Standard1ApplicationTests  : Starting Standard1ApplicationTests on sunqiqian-HP-Pavilion-Notebook with PID 19965 (started by sunqiqian in /home/sunqiqian/IdeaProjects/standard)
2019-07-08 16:42:41.057  INFO 19965 --- [main] c.e.standard1.Standard1ApplicationTests  : No active profile set, falling back to default profiles: default
2019-07-08 16:42:41.121 DEBUG 19965 --- [main] o.s.w.c.s.GenericWebApplicationContext   : Refreshing org.springframework.web.context.support.GenericWebApplicationContext@23c30a20
2019-07-08 16:42:43.726 DEBUG 19965 --- [main] o.s.w.s.handler.SimpleUrlHandlerMapping  : Patterns [/**/favicon.ico] in 'faviconHandlerMapping'
2019-07-08 16:42:44.032  INFO 19965 --- [main] o.s.s.concurrent.ThreadPoolTaskExecutor  : Initializing ExecutorService 'applicationTaskExecutor'
2019-07-08 16:42:44.049 DEBUG 19965 --- [main] s.w.s.m.m.a.RequestMappingHandlerAdapter : ControllerAdvice beans: 0 @ModelAttribute, 0 @InitBinder, 1 RequestBodyAdvice, 1 ResponseBodyAdvice
2019-07-08 16:42:44.123 DEBUG 19965 --- [main] s.w.s.m.m.a.RequestMappingHandlerMapping : 2 mappings in 'requestMappingHandlerMapping'
2019-07-08 16:42:44.148 DEBUG 19965 --- [main] o.s.w.s.handler.SimpleUrlHandlerMapping  : Patterns [/webjars/**, /**] in 'resourceHandlerMapping'
2019-07-08 16:42:44.161 DEBUG 19965 --- [main] .m.m.a.ExceptionHandlerExceptionResolver : ControllerAdvice beans: 0 @ExceptionHandler, 1 ResponseBodyAdvice
2019-07-08 16:42:44.401  INFO 19965 --- [main] c.e.standard1.Standard1ApplicationTests  : Started Standard1ApplicationTests in 3.903 seconds (JVM running for 4.655)
2019-07-08 16:42:44.582 DEBUG 19965 --- [Thread-2] o.s.w.c.s.GenericWebApplicationContext   : Closing org.springframework.web.context.support.GenericWebApplicationContext@23c30a20, started on Mon Jul 08 16:42:41 CST 2019
2019-07-08 16:42:44.586  INFO 19965 --- [Thread-2] o.s.s.concurrent.ThreadPoolTaskExecutor  : Shutting down ExecutorService 'applicationTaskExecutor'
2019-07-08 16:44:03.516  INFO 20179 --- [main] c.e.standard1.Standard1ApplicationTests  : Starting Standard1ApplicationTests on sunqiqian-HP-Pavilion-Notebook with PID 20179 (started by sunqiqian in /home/sunqiqian/IdeaProjects/standard)
2019-07-08 16:44:03.517  INFO 20179 --- [main] c.e.standard1.Standard1ApplicationTests  : No active profile set, falling back to default profiles: default
2019-07-08 16:44:03.558 DEBUG 20179 --- [main] o.s.w.c.s.GenericWebApplicationContext   : Refreshing org.springframework.web.context.support.GenericWebApplicationContext@437da279
2019-07-08 16:44:05.667 DEBUG 20179 --- [main] o.s.w.s.handler.SimpleUrlHandlerMapping  : Patterns [/**/favicon.ico] in 'faviconHandlerMapping'
2019-07-08 16:44:06.059  INFO 20179 --- [main] o.s.s.concurrent.ThreadPoolTaskExecutor  : Initializing ExecutorService 'applicationTaskExecutor'
2019-07-08 16:44:06.094 DEBUG 20179 --- [main] s.w.s.m.m.a.RequestMappingHandlerAdapter : ControllerAdvice beans: 0 @ModelAttribute, 0 @InitBinder, 1 RequestBodyAdvice, 1 ResponseBodyAdvice
2019-07-08 16:44:06.211 DEBUG 20179 --- [main] s.w.s.m.m.a.RequestMappingHandlerMapping : 2 mappings in 'requestMappingHandlerMapping'
2019-07-08 16:44:06.231 DEBUG 20179 --- [main] o.s.w.s.handler.SimpleUrlHandlerMapping  : Patterns [/webjars/**, /**] in 'resourceHandlerMapping'
2019-07-08 16:44:06.243 DEBUG 20179 --- [main] .m.m.a.ExceptionHandlerExceptionResolver : ControllerAdvice beans: 0 @ExceptionHandler, 1 ResponseBodyAdvice
2019-07-08 16:44:06.468  INFO 20179 --- [main] c.e.standard1.Standard1ApplicationTests  : Started Standard1ApplicationTests in 3.55 seconds (JVM running for 4.402)
2019-07-08 16:44:06.649 DEBUG 20179 --- [Thread-2] o.s.w.c.s.GenericWebApplicationContext   : Closing org.springframework.web.context.support.GenericWebApplicationContext@437da279, started on Mon Jul 08 16:44:03 CST 2019
2019-07-08 16:44:06.658  INFO 20179 --- [Thread-2] o.s.s.concurrent.ThreadPoolTaskExecutor  : Shutting down ExecutorService 'applicationTaskExecutor'
2019-07-08 16:44:45.722  INFO 20275 --- [main] c.e.standard1.Standard1ApplicationTests  : Starting Standard1ApplicationTests on sunqiqian-HP-Pavilion-Notebook with PID 20275 (started by sunqiqian in /home/sunqiqian/IdeaProjects/standard)
2019-07-08 16:44:45.725  INFO 20275 --- [main] c.e.standard1.Standard1ApplicationTests  : No active profile set, falling back to default profiles: default
2019-07-08 16:44:45.788 DEBUG 20275 --- [main] o.s.w.c.s.GenericWebApplicationContext   : Refreshing org.springframework.web.context.support.GenericWebApplicationContext@437da279
2019-07-08 16:44:47.994 DEBUG 20275 --- [main] o.s.w.s.handler.SimpleUrlHandlerMapping  : Patterns [/**/favicon.ico] in 'faviconHandlerMapping'
2019-07-08 16:44:48.301  INFO 20275 --- [main] o.s.s.concurrent.ThreadPoolTaskExecutor  : Initializing ExecutorService 'applicationTaskExecutor'
2019-07-08 16:44:48.333 DEBUG 20275 --- [main] s.w.s.m.m.a.RequestMappingHandlerAdapter : ControllerAdvice beans: 0 @ModelAttribute, 0 @InitBinder, 1 RequestBodyAdvice, 1 ResponseBodyAdvice
2019-07-08 16:44:48.419 DEBUG 20275 --- [main] s.w.s.m.m.a.RequestMappingHandlerMapping : 2 mappings in 'requestMappingHandlerMapping'
2019-07-08 16:44:48.472 DEBUG 20275 --- [main] o.s.w.s.handler.SimpleUrlHandlerMapping  : Patterns [/webjars/**, /**] in 'resourceHandlerMapping'
2019-07-08 16:44:48.491 DEBUG 20275 --- [main] .m.m.a.ExceptionHandlerExceptionResolver : ControllerAdvice beans: 0 @ExceptionHandler, 1 ResponseBodyAdvice
2019-07-08 16:44:48.841  INFO 20275 --- [main] c.e.standard1.Standard1ApplicationTests  : Started Standard1ApplicationTests in 3.591 seconds (JVM running for 4.32)
2019-07-08 16:44:49.134  INFO 20275 --- [main] com.zaxxer.hikari.HikariDataSource       : HikariPool-1 - Starting...
2019-07-08 16:44:49.140  WARN 20275 --- [main] com.zaxxer.hikari.util.DriverDataSource  : Registered driver with driverClassName=com.mysql.jdbc.Driver was not found, trying direct instantiation.
2019-07-08 16:44:49.383  INFO 20275 --- [main] com.zaxxer.hikari.HikariDataSource       : HikariPool-1 - Start completed.
2019-07-08 16:44:49.454 DEBUG 20275 --- [Thread-2] o.s.w.c.s.GenericWebApplicationContext   : Closing org.springframework.web.context.support.GenericWebApplicationContext@437da279, started on Mon Jul 08 16:44:45 CST 2019
2019-07-08 16:44:49.458  INFO 20275 --- [Thread-2] o.s.s.concurrent.ThreadPoolTaskExecutor  : Shutting down ExecutorService 'applicationTaskExecutor'
2019-07-08 16:44:49.459  INFO 20275 --- [Thread-2] com.zaxxer.hikari.HikariDataSource       : HikariPool-1 - Shutdown initiated...
2019-07-08 16:44:49.496  INFO 20275 --- [Thread-2] com.zaxxer.hikari.HikariDataSource       : HikariPool-1 - Shutdown completed.
